************************************
         UR_OS V.0.0.3.9
************************************
===== Menu =====
1. FCFS
2. SJF No Preventivo
3. SJF Preventivo
4. Round Robin
5. Por Prioridades
6. MFQ
7. Fair Scheduler
Select the algorithm (1-7): The file is already created PRIORITY.txt

===== Simulation Menu =====
1. initSimulationQueue
2. initSimulationQueueSimpler
3. initSimulationQueueSimpler2
Select the simulation (1-3): The file is already created PRIORITY.txt
The file is already created PRIORITY.txt
Process list:
PID: -1 t: 0 Current burst: 0
Burst list: C: 5 RC: 5 T: CPU F: false	C: 4 RC: 4 T: IO F: false	C: 3 RC: 3 T: CPU F: false	
PID: -1 t: 2 Current burst: 0
Burst list: C: 3 RC: 3 T: CPU F: false	C: 5 RC: 5 T: IO F: false	C: 6 RC: 6 T: CPU F: false	
PID: -1 t: 6 Current burst: 0
Burst list: C: 7 RC: 7 T: CPU F: false	C: 3 RC: 3 T: IO F: false	C: 5 RC: 5 T: CPU F: false	
PID: -1 t: 8 Current burst: 0
Burst list: C: 4 RC: 4 T: CPU F: false	C: 3 RC: 3 T: IO F: false	C: 7 RC: 7 T: CPU F: false	

***SIMULATION START***
***Clock: 0***
CPU: Empty
IO: Empty
Process 0 was loaded!
After the cycle: 
CPU: PID: 0 t: 0 Current burst: 0
Burst list: C: 5 RC: 4 T: CPU F: false	C: 4 RC: 4 T: IO F: false	C: 3 RC: 3 T: CPU F: false	
IO: Empty
***Clock: 1***
CPU: PID: 0 t: 0 Current burst: 0
Burst list: C: 5 RC: 4 T: CPU F: false	C: 4 RC: 4 T: IO F: false	C: 3 RC: 3 T: CPU F: false	
IO: Empty
After the cycle: 
CPU: PID: 0 t: 0 Current burst: 0
Burst list: C: 5 RC: 3 T: CPU F: false	C: 4 RC: 4 T: IO F: false	C: 3 RC: 3 T: CPU F: false	
IO: Empty
***Clock: 2***
CPU: PID: 0 t: 0 Current burst: 0
Burst list: C: 5 RC: 3 T: CPU F: false	C: 4 RC: 4 T: IO F: false	C: 3 RC: 3 T: CPU F: false	
IO: Empty
After the cycle: 
CPU: PID: 0 t: 0 Current burst: 0
Burst list: C: 5 RC: 2 T: CPU F: false	C: 4 RC: 4 T: IO F: false	C: 3 RC: 3 T: CPU F: false	
IO: Empty
***Clock: 3***
CPU: PID: 0 t: 0 Current burst: 0
Burst list: C: 5 RC: 2 T: CPU F: false	C: 4 RC: 4 T: IO F: false	C: 3 RC: 3 T: CPU F: false	
IO: Empty
After the cycle: 
CPU: PID: 0 t: 0 Current burst: 0
Burst list: C: 5 RC: 1 T: CPU F: false	C: 4 RC: 4 T: IO F: false	C: 3 RC: 3 T: CPU F: false	
IO: Empty
***Clock: 4***
CPU: PID: 0 t: 0 Current burst: 0
Burst list: C: 5 RC: 1 T: CPU F: false	C: 4 RC: 4 T: IO F: false	C: 3 RC: 3 T: CPU F: false	
IO: Empty
After the cycle: 
CPU: Empty
IO: PID: 0 t: 0 Current burst: 1
Burst list: C: 5 RC: 0 T: CPU F: true	C: 4 RC: 4 T: IO F: false	C: 3 RC: 3 T: CPU F: false	

***Clock: 5***
CPU: Empty
IO: PID: 0 t: 0 Current burst: 1
Burst list: C: 5 RC: 0 T: CPU F: true	C: 4 RC: 4 T: IO F: false	C: 3 RC: 3 T: CPU F: false	

Process 1 was loaded!
After the cycle: 
CPU: PID: 1 t: 2 Current burst: 0
Burst list: C: 3 RC: 2 T: CPU F: false	C: 5 RC: 5 T: IO F: false	C: 6 RC: 6 T: CPU F: false	
IO: PID: 0 t: 0 Current burst: 1
Burst list: C: 5 RC: 0 T: CPU F: true	C: 4 RC: 3 T: IO F: false	C: 3 RC: 3 T: CPU F: false	

***Clock: 6***
CPU: PID: 1 t: 2 Current burst: 0
Burst list: C: 3 RC: 2 T: CPU F: false	C: 5 RC: 5 T: IO F: false	C: 6 RC: 6 T: CPU F: false	
IO: PID: 0 t: 0 Current burst: 1
Burst list: C: 5 RC: 0 T: CPU F: true	C: 4 RC: 3 T: IO F: false	C: 3 RC: 3 T: CPU F: false	

After the cycle: 
CPU: PID: 1 t: 2 Current burst: 0
Burst list: C: 3 RC: 1 T: CPU F: false	C: 5 RC: 5 T: IO F: false	C: 6 RC: 6 T: CPU F: false	
IO: PID: 0 t: 0 Current burst: 1
Burst list: C: 5 RC: 0 T: CPU F: true	C: 4 RC: 2 T: IO F: false	C: 3 RC: 3 T: CPU F: false	

***Clock: 7***
CPU: PID: 1 t: 2 Current burst: 0
Burst list: C: 3 RC: 1 T: CPU F: false	C: 5 RC: 5 T: IO F: false	C: 6 RC: 6 T: CPU F: false	
IO: PID: 0 t: 0 Current burst: 1
Burst list: C: 5 RC: 0 T: CPU F: true	C: 4 RC: 2 T: IO F: false	C: 3 RC: 3 T: CPU F: false	

After the cycle: 
CPU: Empty
IO: PID: 0 t: 0 Current burst: 1
Burst list: C: 5 RC: 0 T: CPU F: true	C: 4 RC: 1 T: IO F: false	C: 3 RC: 3 T: CPU F: false	
PID: 1 t: 2 Current burst: 1
Burst list: C: 3 RC: 0 T: CPU F: true	C: 5 RC: 5 T: IO F: false	C: 6 RC: 6 T: CPU F: false	

***Clock: 8***
CPU: Empty
IO: PID: 0 t: 0 Current burst: 1
Burst list: C: 5 RC: 0 T: CPU F: true	C: 4 RC: 1 T: IO F: false	C: 3 RC: 3 T: CPU F: false	
PID: 1 t: 2 Current burst: 1
Burst list: C: 3 RC: 0 T: CPU F: true	C: 5 RC: 5 T: IO F: false	C: 6 RC: 6 T: CPU F: false	

Process 2 was loaded!
After the cycle: 
CPU: PID: 2 t: 6 Current burst: 0
Burst list: C: 7 RC: 6 T: CPU F: false	C: 3 RC: 3 T: IO F: false	C: 5 RC: 5 T: CPU F: false	
IO: PID: 1 t: 2 Current burst: 1
Burst list: C: 3 RC: 0 T: CPU F: true	C: 5 RC: 4 T: IO F: false	C: 6 RC: 6 T: CPU F: false	

***Clock: 9***
CPU: PID: 2 t: 6 Current burst: 0
Burst list: C: 7 RC: 6 T: CPU F: false	C: 3 RC: 3 T: IO F: false	C: 5 RC: 5 T: CPU F: false	
IO: PID: 1 t: 2 Current burst: 1
Burst list: C: 3 RC: 0 T: CPU F: true	C: 5 RC: 4 T: IO F: false	C: 6 RC: 6 T: CPU F: false	

Process 0 was loaded!
Process 2 was loaded!
After the cycle: 
CPU: PID: 2 t: 6 Current burst: 0
Burst list: C: 7 RC: 5 T: CPU F: false	C: 3 RC: 3 T: IO F: false	C: 5 RC: 5 T: CPU F: false	
IO: PID: 1 t: 2 Current burst: 1
Burst list: C: 3 RC: 0 T: CPU F: true	C: 5 RC: 3 T: IO F: false	C: 6 RC: 6 T: CPU F: false	

***Clock: 10***
CPU: PID: 2 t: 6 Current burst: 0
Burst list: C: 7 RC: 5 T: CPU F: false	C: 3 RC: 3 T: IO F: false	C: 5 RC: 5 T: CPU F: false	
IO: PID: 1 t: 2 Current burst: 1
Burst list: C: 3 RC: 0 T: CPU F: true	C: 5 RC: 3 T: IO F: false	C: 6 RC: 6 T: CPU F: false	

After the cycle: 
CPU: PID: 2 t: 6 Current burst: 0
Burst list: C: 7 RC: 4 T: CPU F: false	C: 3 RC: 3 T: IO F: false	C: 5 RC: 5 T: CPU F: false	
IO: PID: 1 t: 2 Current burst: 1
Burst list: C: 3 RC: 0 T: CPU F: true	C: 5 RC: 2 T: IO F: false	C: 6 RC: 6 T: CPU F: false	

***Clock: 11***
CPU: PID: 2 t: 6 Current burst: 0
Burst list: C: 7 RC: 4 T: CPU F: false	C: 3 RC: 3 T: IO F: false	C: 5 RC: 5 T: CPU F: false	
IO: PID: 1 t: 2 Current burst: 1
Burst list: C: 3 RC: 0 T: CPU F: true	C: 5 RC: 2 T: IO F: false	C: 6 RC: 6 T: CPU F: false	

After the cycle: 
CPU: PID: 2 t: 6 Current burst: 0
Burst list: C: 7 RC: 3 T: CPU F: false	C: 3 RC: 3 T: IO F: false	C: 5 RC: 5 T: CPU F: false	
IO: PID: 1 t: 2 Current burst: 1
Burst list: C: 3 RC: 0 T: CPU F: true	C: 5 RC: 1 T: IO F: false	C: 6 RC: 6 T: CPU F: false	

***Clock: 12***
CPU: PID: 2 t: 6 Current burst: 0
Burst list: C: 7 RC: 3 T: CPU F: false	C: 3 RC: 3 T: IO F: false	C: 5 RC: 5 T: CPU F: false	
IO: PID: 1 t: 2 Current burst: 1
Burst list: C: 3 RC: 0 T: CPU F: true	C: 5 RC: 1 T: IO F: false	C: 6 RC: 6 T: CPU F: false	

Process 2 was loaded!
After the cycle: 
CPU: PID: 2 t: 6 Current burst: 0
Burst list: C: 7 RC: 2 T: CPU F: false	C: 3 RC: 3 T: IO F: false	C: 5 RC: 5 T: CPU F: false	
IO: Empty
***Clock: 13***
CPU: PID: 2 t: 6 Current burst: 0
Burst list: C: 7 RC: 2 T: CPU F: false	C: 3 RC: 3 T: IO F: false	C: 5 RC: 5 T: CPU F: false	
IO: Empty
Process 1 was loaded!
Process 2 was loaded!
After the cycle: 
CPU: PID: 2 t: 6 Current burst: 0
Burst list: C: 7 RC: 1 T: CPU F: false	C: 3 RC: 3 T: IO F: false	C: 5 RC: 5 T: CPU F: false	
IO: Empty
***Clock: 14***
CPU: PID: 2 t: 6 Current burst: 0
Burst list: C: 7 RC: 1 T: CPU F: false	C: 3 RC: 3 T: IO F: false	C: 5 RC: 5 T: CPU F: false	
IO: Empty
After the cycle: 
CPU: Empty
IO: PID: 2 t: 6 Current burst: 1
Burst list: C: 7 RC: 0 T: CPU F: true	C: 3 RC: 3 T: IO F: false	C: 5 RC: 5 T: CPU F: false	

***Clock: 15***
CPU: Empty
IO: PID: 2 t: 6 Current burst: 1
Burst list: C: 7 RC: 0 T: CPU F: true	C: 3 RC: 3 T: IO F: false	C: 5 RC: 5 T: CPU F: false	

Process 3 was loaded!
After the cycle: 
CPU: PID: 3 t: 8 Current burst: 0
Burst list: C: 4 RC: 3 T: CPU F: false	C: 3 RC: 3 T: IO F: false	C: 7 RC: 7 T: CPU F: false	
IO: PID: 2 t: 6 Current burst: 1
Burst list: C: 7 RC: 0 T: CPU F: true	C: 3 RC: 2 T: IO F: false	C: 5 RC: 5 T: CPU F: false	

***Clock: 16***
CPU: PID: 3 t: 8 Current burst: 0
Burst list: C: 4 RC: 3 T: CPU F: false	C: 3 RC: 3 T: IO F: false	C: 7 RC: 7 T: CPU F: false	
IO: PID: 2 t: 6 Current burst: 1
Burst list: C: 7 RC: 0 T: CPU F: true	C: 3 RC: 2 T: IO F: false	C: 5 RC: 5 T: CPU F: false	

After the cycle: 
CPU: PID: 3 t: 8 Current burst: 0
Burst list: C: 4 RC: 2 T: CPU F: false	C: 3 RC: 3 T: IO F: false	C: 7 RC: 7 T: CPU F: false	
IO: PID: 2 t: 6 Current burst: 1
Burst list: C: 7 RC: 0 T: CPU F: true	C: 3 RC: 1 T: IO F: false	C: 5 RC: 5 T: CPU F: false	

***Clock: 17***
CPU: PID: 3 t: 8 Current burst: 0
Burst list: C: 4 RC: 2 T: CPU F: false	C: 3 RC: 3 T: IO F: false	C: 7 RC: 7 T: CPU F: false	
IO: PID: 2 t: 6 Current burst: 1
Burst list: C: 7 RC: 0 T: CPU F: true	C: 3 RC: 1 T: IO F: false	C: 5 RC: 5 T: CPU F: false	

Process 3 was loaded!
After the cycle: 
CPU: PID: 3 t: 8 Current burst: 0
Burst list: C: 4 RC: 1 T: CPU F: false	C: 3 RC: 3 T: IO F: false	C: 7 RC: 7 T: CPU F: false	
IO: Empty
***Clock: 18***
CPU: PID: 3 t: 8 Current burst: 0
Burst list: C: 4 RC: 1 T: CPU F: false	C: 3 RC: 3 T: IO F: false	C: 7 RC: 7 T: CPU F: false	
IO: Empty
Process 2 was loaded!
Process 3 was loaded!
After the cycle: 
CPU: Empty
IO: PID: 3 t: 8 Current burst: 1
Burst list: C: 4 RC: 0 T: CPU F: true	C: 3 RC: 3 T: IO F: false	C: 7 RC: 7 T: CPU F: false	

***Clock: 19***
CPU: Empty
IO: PID: 3 t: 8 Current burst: 1
Burst list: C: 4 RC: 0 T: CPU F: true	C: 3 RC: 3 T: IO F: false	C: 7 RC: 7 T: CPU F: false	

After the cycle: 
CPU: Empty
IO: PID: 3 t: 8 Current burst: 1
Burst list: C: 4 RC: 0 T: CPU F: true	C: 3 RC: 2 T: IO F: false	C: 7 RC: 7 T: CPU F: false	

***Clock: 20***
CPU: Empty
IO: PID: 3 t: 8 Current burst: 1
Burst list: C: 4 RC: 0 T: CPU F: true	C: 3 RC: 2 T: IO F: false	C: 7 RC: 7 T: CPU F: false	

After the cycle: 
CPU: Empty
IO: PID: 3 t: 8 Current burst: 1
Burst list: C: 4 RC: 0 T: CPU F: true	C: 3 RC: 1 T: IO F: false	C: 7 RC: 7 T: CPU F: false	

***Clock: 21***
CPU: Empty
IO: PID: 3 t: 8 Current burst: 1
Burst list: C: 4 RC: 0 T: CPU F: true	C: 3 RC: 1 T: IO F: false	C: 7 RC: 7 T: CPU F: false	

Process 3 was loaded!
After the cycle: 
CPU: PID: 3 t: 8 Current burst: 2
Burst list: C: 4 RC: 0 T: CPU F: true	C: 3 RC: 0 T: IO F: true	C: 7 RC: 7 T: CPU F: false	
IO: Empty
***Clock: 22***
CPU: PID: 3 t: 8 Current burst: 2
Burst list: C: 4 RC: 0 T: CPU F: true	C: 3 RC: 0 T: IO F: true	C: 7 RC: 7 T: CPU F: false	
IO: Empty
After the cycle: 
CPU: PID: 3 t: 8 Current burst: 2
Burst list: C: 4 RC: 0 T: CPU F: true	C: 3 RC: 0 T: IO F: true	C: 7 RC: 6 T: CPU F: false	
IO: Empty
***Clock: 23***
CPU: PID: 3 t: 8 Current burst: 2
Burst list: C: 4 RC: 0 T: CPU F: true	C: 3 RC: 0 T: IO F: true	C: 7 RC: 6 T: CPU F: false	
IO: Empty
Process 3 was loaded!
After the cycle: 
CPU: PID: 3 t: 8 Current burst: 2
Burst list: C: 4 RC: 0 T: CPU F: true	C: 3 RC: 0 T: IO F: true	C: 7 RC: 5 T: CPU F: false	
IO: Empty
***Clock: 24***
CPU: PID: 3 t: 8 Current burst: 2
Burst list: C: 4 RC: 0 T: CPU F: true	C: 3 RC: 0 T: IO F: true	C: 7 RC: 5 T: CPU F: false	
IO: Empty
After the cycle: 
CPU: PID: 3 t: 8 Current burst: 2
Burst list: C: 4 RC: 0 T: CPU F: true	C: 3 RC: 0 T: IO F: true	C: 7 RC: 4 T: CPU F: false	
IO: Empty
***Clock: 25***
CPU: PID: 3 t: 8 Current burst: 2
Burst list: C: 4 RC: 0 T: CPU F: true	C: 3 RC: 0 T: IO F: true	C: 7 RC: 4 T: CPU F: false	
IO: Empty
Process 3 was loaded!
After the cycle: 
CPU: PID: 3 t: 8 Current burst: 2
Burst list: C: 4 RC: 0 T: CPU F: true	C: 3 RC: 0 T: IO F: true	C: 7 RC: 3 T: CPU F: false	
IO: Empty
***Clock: 26***
CPU: PID: 3 t: 8 Current burst: 2
Burst list: C: 4 RC: 0 T: CPU F: true	C: 3 RC: 0 T: IO F: true	C: 7 RC: 3 T: CPU F: false	
IO: Empty
After the cycle: 
CPU: PID: 3 t: 8 Current burst: 2
Burst list: C: 4 RC: 0 T: CPU F: true	C: 3 RC: 0 T: IO F: true	C: 7 RC: 2 T: CPU F: false	
IO: Empty
***Clock: 27***
CPU: PID: 3 t: 8 Current burst: 2
Burst list: C: 4 RC: 0 T: CPU F: true	C: 3 RC: 0 T: IO F: true	C: 7 RC: 2 T: CPU F: false	
IO: Empty
Process 3 was loaded!
After the cycle: 
CPU: PID: 3 t: 8 Current burst: 2
Burst list: C: 4 RC: 0 T: CPU F: true	C: 3 RC: 0 T: IO F: true	C: 7 RC: 1 T: CPU F: false	
IO: Empty
***Clock: 28***
CPU: PID: 3 t: 8 Current burst: 2
Burst list: C: 4 RC: 0 T: CPU F: true	C: 3 RC: 0 T: IO F: true	C: 7 RC: 1 T: CPU F: false	
IO: Empty
Process 3 finished!
After the cycle: 
CPU: Empty
IO: Empty
***Clock: 29***
CPU: Empty
IO: Empty
After the cycle: 
CPU: Empty
IO: Empty
***Clock: 30***
CPU: Empty
IO: Empty
After the cycle: 
CPU: Empty
IO: Empty
***Clock: 31***
CPU: Empty
IO: Empty
After the cycle: 
CPU: Empty
IO: Empty
***Clock: 32***
CPU: Empty
IO: Empty
After the cycle: 
CPU: Empty
IO: Empty
***Clock: 33***
CPU: Empty
IO: Empty
After the cycle: 
CPU: Empty
IO: Empty
***Clock: 34***
CPU: Empty
IO: Empty
After the cycle: 
CPU: Empty
IO: Empty
***Clock: 35***
CPU: Empty
IO: Empty
After the cycle: 
CPU: Empty
IO: Empty
***Clock: 36***
CPU: Empty
IO: Empty
After the cycle: 
CPU: Empty
IO: Empty
***Clock: 37***
CPU: Empty
IO: Empty
After the cycle: 
CPU: Empty
IO: Empty
***Clock: 38***
CPU: Empty
IO: Empty
After the cycle: 
CPU: Empty
IO: Empty
***Clock: 39***
CPU: Empty
IO: Empty
After the cycle: 
CPU: Empty
IO: Empty
***Clock: 40***
CPU: Empty
IO: Empty
After the cycle: 
CPU: Empty
IO: Empty
***Clock: 41***
CPU: Empty
IO: Empty
After the cycle: 
CPU: Empty
IO: Empty
***Clock: 42***
CPU: Empty
IO: Empty
After the cycle: 
CPU: Empty
IO: Empty
***Clock: 43***
CPU: Empty
IO: Empty
After the cycle: 
CPU: Empty
IO: Empty
***Clock: 44***
CPU: Empty
IO: Empty
After the cycle: 
CPU: Empty
IO: Empty
***Clock: 45***
CPU: Empty
IO: Empty
After the cycle: 
CPU: Empty
IO: Empty
***Clock: 46***
CPU: Empty
IO: Empty
After the cycle: 
CPU: Empty
IO: Empty
***Clock: 47***
CPU: Empty
IO: Empty
After the cycle: 
CPU: Empty
IO: Empty
***Clock: 48***
CPU: Empty
IO: Empty
After the cycle: 
CPU: Empty
IO: Empty
***Clock: 49***
CPU: Empty
IO: Empty
After the cycle: 
CPU: Empty
IO: Empty
***Clock: 50***
CPU: Empty
IO: Empty
After the cycle: 
CPU: Empty
IO: Empty
***Clock: 51***
CPU: Empty
IO: Empty
After the cycle: 
CPU: Empty
IO: Empty
***Clock: 52***
CPU: Empty
IO: Empty
After the cycle: 
CPU: Empty
IO: Empty
***Clock: 53***
CPU: Empty
IO: Empty
After the cycle: 
CPU: Empty
IO: Empty
***Clock: 54***
CPU: Empty
IO: Empty
After the cycle: 
CPU: Empty
IO: Empty
***Clock: 55***
CPU: Empty
IO: Empty
After the cycle: 
CPU: Empty
IO: Empty
***Clock: 56***
CPU: Empty
IO: Empty
After the cycle: 
CPU: Empty
IO: Empty
***Clock: 57***
CPU: Empty
IO: Empty
After the cycle: 
CPU: Empty
IO: Empty
***Clock: 58***
CPU: Empty
IO: Empty
After the cycle: 
CPU: Empty
IO: Empty
***Clock: 59***
CPU: Empty
IO: Empty
After the cycle: 
CPU: Empty
IO: Empty
***Clock: 60***
CPU: Empty
IO: Empty
After the cycle: 
CPU: Empty
IO: Empty
***Clock: 61***
CPU: Empty
IO: Empty
After the cycle: 
CPU: Empty
IO: Empty
***Clock: 62***
CPU: Empty
IO: Empty
After the cycle: 
CPU: Empty
IO: Empty
***Clock: 63***
CPU: Empty
IO: Empty
After the cycle: 
CPU: Empty
IO: Empty
***Clock: 64***
CPU: Empty
IO: Empty
After the cycle: 
CPU: Empty
IO: Empty
***Clock: 65***
CPU: Empty
IO: Empty
After the cycle: 
CPU: Empty
IO: Empty
***Clock: 66***
CPU: Empty
IO: Empty
After the cycle: 
CPU: Empty
IO: Empty
***Clock: 67***
CPU: Empty
IO: Empty
After the cycle: 
CPU: Empty
IO: Empty
***Clock: 68***
CPU: Empty
IO: Empty
After the cycle: 
CPU: Empty
IO: Empty
***Clock: 69***
CPU: Empty
IO: Empty
After the cycle: 
CPU: Empty
IO: Empty
***Clock: 70***
CPU: Empty
IO: Empty
After the cycle: 
CPU: Empty
IO: Empty
***Clock: 71***
CPU: Empty
IO: Empty
After the cycle: 
CPU: Empty
IO: Empty
***Clock: 72***
CPU: Empty
IO: Empty
After the cycle: 
CPU: Empty
IO: Empty
***Clock: 73***
CPU: Empty
IO: Empty
After the cycle: 
CPU: Empty
IO: Empty
***Clock: 74***
CPU: Empty
IO: Empty
After the cycle: 
CPU: Empty
IO: Empty
***Clock: 75***
CPU: Empty
IO: Empty
After the cycle: 
CPU: Empty
IO: Empty
***Clock: 76***
CPU: Empty
IO: Empty
After the cycle: 
CPU: Empty
IO: Empty
***Clock: 77***
CPU: Empty
IO: Empty
After the cycle: 
CPU: Empty
IO: Empty
***Clock: 78***
CPU: Empty
IO: Empty
After the cycle: 
CPU: Empty
IO: Empty
***Clock: 79***
CPU: Empty
IO: Empty
After the cycle: 
CPU: Empty
IO: Empty
***Clock: 80***
CPU: Empty
IO: Empty
After the cycle: 
CPU: Empty
IO: Empty
***Clock: 81***
CPU: Empty
IO: Empty
After the cycle: 
CPU: Empty
IO: Empty
***Clock: 82***
CPU: Empty
IO: Empty
After the cycle: 
CPU: Empty
IO: Empty
***Clock: 83***
CPU: Empty
IO: Empty
After the cycle: 
CPU: Empty
IO: Empty
***Clock: 84***
CPU: Empty
IO: Empty
After the cycle: 
CPU: Empty
IO: Empty
***Clock: 85***
CPU: Empty
IO: Empty
After the cycle: 
CPU: Empty
IO: Empty
***Clock: 86***
CPU: Empty
IO: Empty
After the cycle: 
CPU: Empty
IO: Empty
***Clock: 87***
CPU: Empty
IO: Empty
After the cycle: 
CPU: Empty
IO: Empty
***Clock: 88***
CPU: Empty
IO: Empty
After the cycle: 
CPU: Empty
IO: Empty
***Clock: 89***
CPU: Empty
IO: Empty
After the cycle: 
CPU: Empty
IO: Empty
***Clock: 90***
CPU: Empty
IO: Empty
After the cycle: 
CPU: Empty
IO: Empty
***Clock: 91***
CPU: Empty
IO: Empty
After the cycle: 
CPU: Empty
IO: Empty
***Clock: 92***
CPU: Empty
IO: Empty
After the cycle: 
CPU: Empty
IO: Empty
***Clock: 93***
CPU: Empty
IO: Empty
After the cycle: 
CPU: Empty
IO: Empty
***Clock: 94***
CPU: Empty
IO: Empty
After the cycle: 
CPU: Empty
IO: Empty
***Clock: 95***
CPU: Empty
IO: Empty
After the cycle: 
CPU: Empty
IO: Empty
***Clock: 96***
CPU: Empty
IO: Empty
After the cycle: 
CPU: Empty
IO: Empty
***Clock: 97***
CPU: Empty
IO: Empty
After the cycle: 
CPU: Empty
IO: Empty
***Clock: 98***
CPU: Empty
IO: Empty
After the cycle: 
CPU: Empty
IO: Empty
***Clock: 99***
CPU: Empty
IO: Empty
After the cycle: 
CPU: Empty
IO: Empty
***Clock: 100***
CPU: Empty
IO: Empty
After the cycle: 
CPU: Empty
IO: Empty
***Clock: 101***
CPU: Empty
IO: Empty
After the cycle: 
CPU: Empty
IO: Empty
***Clock: 102***
CPU: Empty
IO: Empty
After the cycle: 
CPU: Empty
IO: Empty
***Clock: 103***
CPU: Empty
IO: Empty
After the cycle: 
CPU: Empty
IO: Empty
***Clock: 104***
CPU: Empty
IO: Empty
After the cycle: 
CPU: Empty
IO: Empty
***Clock: 105***
CPU: Empty
IO: Empty
After the cycle: 
CPU: Empty
IO: Empty
***Clock: 106***
CPU: Empty
IO: Empty
After the cycle: 
CPU: Empty
IO: Empty
***Clock: 107***
CPU: Empty
IO: Empty
After the cycle: 
CPU: Empty
IO: Empty
***Clock: 108***
CPU: Empty
IO: Empty
After the cycle: 
CPU: Empty
IO: Empty
***Clock: 109***
CPU: Empty
IO: Empty
After the cycle: 
CPU: Empty
IO: Empty
***Clock: 110***
CPU: Empty
IO: Empty
After the cycle: 
CPU: Empty
IO: Empty
***Clock: 111***
CPU: Empty
IO: Empty
After the cycle: 
CPU: Empty
IO: Empty
***Clock: 112***
CPU: Empty
IO: Empty
After the cycle: 
CPU: Empty
IO: Empty
***Clock: 113***
CPU: Empty
IO: Empty
After the cycle: 
CPU: Empty
IO: Empty
***Clock: 114***
CPU: Empty
IO: Empty
After the cycle: 
CPU: Empty
IO: Empty
***Clock: 115***
CPU: Empty
IO: Empty
After the cycle: 
CPU: Empty
IO: Empty
***Clock: 116***
CPU: Empty
IO: Empty
After the cycle: 
CPU: Empty
IO: Empty
***Clock: 117***
CPU: Empty
IO: Empty
After the cycle: 
CPU: Empty
IO: Empty
***Clock: 118***
CPU: Empty
IO: Empty
After the cycle: 
CPU: Empty
IO: Empty
***Clock: 119***
CPU: Empty
IO: Empty
After the cycle: 
CPU: Empty
IO: Empty
***Clock: 120***
CPU: Empty
IO: Empty
After the cycle: 
CPU: Empty
IO: Empty
***Clock: 121***
CPU: Empty
IO: Empty
After the cycle: 
CPU: Empty
IO: Empty
***Clock: 122***
CPU: Empty
IO: Empty
After the cycle: 
CPU: Empty
IO: Empty
***Clock: 123***
CPU: Empty
IO: Empty
After the cycle: 
CPU: Empty
IO: Empty
***Clock: 124***
CPU: Empty
IO: Empty
After the cycle: 
CPU: Empty
IO: Empty
***Clock: 125***
CPU: Empty
IO: Empty
After the cycle: 
CPU: Empty
IO: Empty
***Clock: 126***
CPU: Empty
IO: Empty
After the cycle: 
CPU: Empty
IO: Empty
***Clock: 127***
CPU: Empty
IO: Empty
After the cycle: 
CPU: Empty
IO: Empty
***Clock: 128***
CPU: Empty
IO: Empty
After the cycle: 
CPU: Empty
IO: Empty
***Clock: 129***
CPU: Empty
IO: Empty
After the cycle: 
CPU: Empty
IO: Empty
***Clock: 130***
CPU: Empty
IO: Empty
After the cycle: 
CPU: Empty
IO: Empty
***Clock: 131***
CPU: Empty
IO: Empty
After the cycle: 
CPU: Empty
IO: Empty
***Clock: 132***
CPU: Empty
IO: Empty
After the cycle: 
CPU: Empty
IO: Empty
***Clock: 133***
CPU: Empty
IO: Empty
After the cycle: 
CPU: Empty
IO: Empty
***Clock: 134***
CPU: Empty
IO: Empty
After the cycle: 
CPU: Empty
IO: Empty
***Clock: 135***
CPU: Empty
IO: Empty
After the cycle: 
CPU: Empty
IO: Empty
***Clock: 136***
CPU: Empty
IO: Empty
After the cycle: 
CPU: Empty
IO: Empty
***Clock: 137***
CPU: Empty
IO: Empty
After the cycle: 
CPU: Empty
IO: Empty
***Clock: 138***
CPU: Empty
IO: Empty
After the cycle: 
CPU: Empty
IO: Empty
***Clock: 139***
CPU: Empty
IO: Empty
After the cycle: 
CPU: Empty
IO: Empty
***Clock: 140***
CPU: Empty
IO: Empty
After the cycle: 
CPU: Empty
IO: Empty
***Clock: 141***
CPU: Empty
IO: Empty
After the cycle: 
CPU: Empty
IO: Empty
***Clock: 142***
CPU: Empty
IO: Empty
After the cycle: 
CPU: Empty
IO: Empty
***Clock: 143***
CPU: Empty
IO: Empty
After the cycle: 
CPU: Empty
IO: Empty
***Clock: 144***
CPU: Empty
IO: Empty
After the cycle: 
CPU: Empty
IO: Empty
***Clock: 145***
CPU: Empty
IO: Empty
After the cycle: 
CPU: Empty
IO: Empty
***Clock: 146***
CPU: Empty
IO: Empty
After the cycle: 
CPU: Empty
IO: Empty
***Clock: 147***
CPU: Empty
IO: Empty
After the cycle: 
CPU: Empty
IO: Empty
***Clock: 148***
CPU: Empty
IO: Empty
After the cycle: 
CPU: Empty
IO: Empty
***Clock: 149***
CPU: Empty
IO: Empty
After the cycle: 
CPU: Empty
IO: Empty
***Clock: 150***
CPU: Empty
IO: Empty
After the cycle: 
CPU: Empty
IO: Empty
***Clock: 151***
CPU: Empty
IO: Empty
After the cycle: 
CPU: Empty
IO: Empty
***Clock: 152***
CPU: Empty
IO: Empty
After the cycle: 
CPU: Empty
IO: Empty
***Clock: 153***
CPU: Empty
IO: Empty
After the cycle: 
CPU: Empty
IO: Empty
***Clock: 154***
CPU: Empty
IO: Empty
After the cycle: 
CPU: Empty
IO: Empty
***Clock: 155***
CPU: Empty
IO: Empty
After the cycle: 
CPU: Empty
IO: Empty
***Clock: 156***
CPU: Empty
IO: Empty
After the cycle: 
CPU: Empty
IO: Empty
***Clock: 157***
CPU: Empty
IO: Empty
After the cycle: 
CPU: Empty
IO: Empty
***Clock: 158***
CPU: Empty
IO: Empty
After the cycle: 
CPU: Empty
IO: Empty
***Clock: 159***
CPU: Empty
IO: Empty
After the cycle: 
CPU: Empty
IO: Empty
***Clock: 160***
CPU: Empty
IO: Empty
After the cycle: 
CPU: Empty
IO: Empty
***Clock: 161***
CPU: Empty
IO: Empty
After the cycle: 
CPU: Empty
IO: Empty
***Clock: 162***
CPU: Empty
IO: Empty
After the cycle: 
CPU: Empty
IO: Empty
***Clock: 163***
CPU: Empty
IO: Empty
After the cycle: 
CPU: Empty
IO: Empty
***Clock: 164***
CPU: Empty
IO: Empty
After the cycle: 
CPU: Empty
IO: Empty
***Clock: 165***
CPU: Empty
IO: Empty
After the cycle: 
CPU: Empty
IO: Empty
***Clock: 166***
CPU: Empty
IO: Empty
After the cycle: 
CPU: Empty
IO: Empty
***Clock: 167***
CPU: Empty
IO: Empty
After the cycle: 
CPU: Empty
IO: Empty
***Clock: 168***
CPU: Empty
IO: Empty
After the cycle: 
CPU: Empty
IO: Empty
***Clock: 169***
CPU: Empty
IO: Empty
After the cycle: 
CPU: Empty
IO: Empty
***Clock: 170***
CPU: Empty
IO: Empty
After the cycle: 
CPU: Empty
IO: Empty
***Clock: 171***
CPU: Empty
IO: Empty
After the cycle: 
CPU: Empty
IO: Empty
***Clock: 172***
CPU: Empty
IO: Empty
After the cycle: 
CPU: Empty
IO: Empty
***Clock: 173***
CPU: Empty
IO: Empty
After the cycle: 
CPU: Empty
IO: Empty
***Clock: 174***
CPU: Empty
IO: Empty
After the cycle: 
CPU: Empty
IO: Empty
***Clock: 175***
CPU: Empty
IO: Empty
After the cycle: 
CPU: Empty
IO: Empty
***Clock: 176***
CPU: Empty
IO: Empty
After the cycle: 
CPU: Empty
IO: Empty
***Clock: 177***
CPU: Empty
IO: Empty
After the cycle: 
CPU: Empty
IO: Empty
***Clock: 178***
CPU: Empty
IO: Empty
After the cycle: 
CPU: Empty
IO: Empty
***Clock: 179***
CPU: Empty
IO: Empty
After the cycle: 
CPU: Empty
IO: Empty
***Clock: 180***
CPU: Empty
IO: Empty
After the cycle: 
CPU: Empty
IO: Empty
***Clock: 181***
CPU: Empty
IO: Empty
After the cycle: 
CPU: Empty
IO: Empty
***Clock: 182***
CPU: Empty
IO: Empty
After the cycle: 
CPU: Empty
IO: Empty
***Clock: 183***
CPU: Empty
IO: Empty
After the cycle: 
CPU: Empty
IO: Empty
***Clock: 184***
CPU: Empty
IO: Empty
After the cycle: 
CPU: Empty
IO: Empty
***Clock: 185***
CPU: Empty
IO: Empty
After the cycle: 
CPU: Empty
IO: Empty
***Clock: 186***
CPU: Empty
IO: Empty
After the cycle: 
CPU: Empty
IO: Empty
***Clock: 187***
CPU: Empty
IO: Empty
After the cycle: 
CPU: Empty
IO: Empty
***Clock: 188***
CPU: Empty
IO: Empty
After the cycle: 
CPU: Empty
IO: Empty
***Clock: 189***
CPU: Empty
IO: Empty
After the cycle: 
CPU: Empty
IO: Empty
***Clock: 190***
CPU: Empty
IO: Empty
After the cycle: 
CPU: Empty
IO: Empty
***Clock: 191***
CPU: Empty
IO: Empty
After the cycle: 
CPU: Empty
IO: Empty
***Clock: 192***
CPU: Empty
IO: Empty
After the cycle: 
CPU: Empty
IO: Empty
***Clock: 193***
CPU: Empty
IO: Empty
After the cycle: 
CPU: Empty
IO: Empty
***Clock: 194***
CPU: Empty
IO: Empty
After the cycle: 
CPU: Empty
IO: Empty
***Clock: 195***
CPU: Empty
IO: Empty
After the cycle: 
CPU: Empty
IO: Empty
***Clock: 196***
CPU: Empty
IO: Empty
After the cycle: 
CPU: Empty
IO: Empty
***Clock: 197***
CPU: Empty
IO: Empty
After the cycle: 
CPU: Empty
IO: Empty
***Clock: 198***
CPU: Empty
IO: Empty
After the cycle: 
CPU: Empty
IO: Empty
***Clock: 199***
CPU: Empty
IO: Empty
After the cycle: 
CPU: Empty
IO: Empty
***Clock: 200***
CPU: Empty
IO: Empty
After the cycle: 
CPU: Empty
IO: Empty
***Clock: 201***
CPU: Empty
IO: Empty
After the cycle: 
CPU: Empty
IO: Empty
***Clock: 202***
CPU: Empty
IO: Empty
After the cycle: 
CPU: Empty
IO: Empty
***Clock: 203***
CPU: Empty
IO: Empty
After the cycle: 
CPU: Empty
IO: Empty
***Clock: 204***
CPU: Empty
IO: Empty
After the cycle: 
CPU: Empty
IO: Empty
***Clock: 205***
CPU: Empty
IO: Empty
After the cycle: 
CPU: Empty
IO: Empty
***Clock: 206***
CPU: Empty
IO: Empty
After the cycle: 
CPU: Empty
IO: Empty
***Clock: 207***
CPU: Empty
IO: Empty
After the cycle: 
CPU: Empty
IO: Empty
***Clock: 208***
CPU: Empty
IO: Empty
After the cycle: 
CPU: Empty
IO: Empty
***Clock: 209***
CPU: Empty
IO: Empty
After the cycle: 
CPU: Empty
IO: Empty
***Clock: 210***
CPU: Empty
IO: Empty
After the cycle: 
CPU: Empty
IO: Empty
***Clock: 211***
CPU: Empty
IO: Empty
After the cycle: 
CPU: Empty
IO: Empty
***Clock: 212***
CPU: Empty
IO: Empty
After the cycle: 
CPU: Empty
IO: Empty
***Clock: 213***
CPU: Empty
IO: Empty
After the cycle: 
CPU: Empty
IO: Empty
***Clock: 214***
CPU: Empty
IO: Empty
After the cycle: 
CPU: Empty
IO: Empty
***Clock: 215***
CPU: Empty
IO: Empty
After the cycle: 
CPU: Empty
IO: Empty
***Clock: 216***
CPU: Empty
IO: Empty
After the cycle: 
CPU: Empty
IO: Empty
***Clock: 217***
CPU: Empty
IO: Empty
After the cycle: 
CPU: Empty
IO: Empty
***Clock: 218***
CPU: Empty
IO: Empty
After the cycle: 
CPU: Empty
IO: Empty
***Clock: 219***
CPU: Empty
IO: Empty
After the cycle: 
CPU: Empty
IO: Empty
***Clock: 220***
CPU: Empty
IO: Empty
After the cycle: 
CPU: Empty
IO: Empty
***Clock: 221***
CPU: Empty
IO: Empty
After the cycle: 
CPU: Empty
IO: Empty
***Clock: 222***
CPU: Empty
IO: Empty
After the cycle: 
CPU: Empty
IO: Empty
***Clock: 223***
CPU: Empty
IO: Empty
After the cycle: 
CPU: Empty
IO: Empty
***Clock: 224***
CPU: Empty
IO: Empty
After the cycle: 
CPU: Empty
IO: Empty
***Clock: 225***
CPU: Empty
IO: Empty
After the cycle: 
CPU: Empty
IO: Empty
***Clock: 226***
CPU: Empty
IO: Empty
After the cycle: 
CPU: Empty
IO: Empty
***Clock: 227***
CPU: Empty
IO: Empty
After the cycle: 
CPU: Empty
IO: Empty
***Clock: 228***
CPU: Empty
IO: Empty
After the cycle: 
CPU: Empty
IO: Empty
***Clock: 229***
CPU: Empty
IO: Empty
After the cycle: 
CPU: Empty
IO: Empty
***Clock: 230***
CPU: Empty
IO: Empty
After the cycle: 
CPU: Empty
IO: Empty
***Clock: 231***
CPU: Empty
IO: Empty
After the cycle: 
CPU: Empty
IO: Empty
***Clock: 232***
CPU: Empty
IO: Empty
After the cycle: 
CPU: Empty
IO: Empty
***Clock: 233***
CPU: Empty
IO: Empty
After the cycle: 
CPU: Empty
IO: Empty
***Clock: 234***
CPU: Empty
IO: Empty
After the cycle: 
CPU: Empty
IO: Empty
***Clock: 235***
CPU: Empty
IO: Empty
After the cycle: 
CPU: Empty
IO: Empty
***Clock: 236***
CPU: Empty
IO: Empty
After the cycle: 
CPU: Empty
IO: Empty
***Clock: 237***
CPU: Empty
IO: Empty
After the cycle: 
CPU: Empty
IO: Empty
***Clock: 238***
CPU: Empty
IO: Empty
After the cycle: 
CPU: Empty
IO: Empty
***Clock: 239***
CPU: Empty
IO: Empty
After the cycle: 
CPU: Empty
IO: Empty
***Clock: 240***
CPU: Empty
IO: Empty
After the cycle: 
CPU: Empty
IO: Empty
***Clock: 241***
CPU: Empty
IO: Empty
After the cycle: 
CPU: Empty
IO: Empty
***Clock: 242***
CPU: Empty
IO: Empty
After the cycle: 
CPU: Empty
IO: Empty
***Clock: 243***
CPU: Empty
IO: Empty
After the cycle: 
CPU: Empty
IO: Empty
***Clock: 244***
CPU: Empty
IO: Empty
After the cycle: 
CPU: Empty
IO: Empty
***Clock: 245***
CPU: Empty
IO: Empty
After the cycle: 
CPU: Empty
IO: Empty
***Clock: 246***
CPU: Empty
IO: Empty
After the cycle: 
CPU: Empty
IO: Empty
***Clock: 247***
CPU: Empty
IO: Empty
After the cycle: 
CPU: Empty
IO: Empty
***Clock: 248***
CPU: Empty
IO: Empty
After the cycle: 
CPU: Empty
IO: Empty
***Clock: 249***
CPU: Empty
IO: Empty
After the cycle: 
CPU: Empty
IO: Empty
***Clock: 250***
CPU: Empty
IO: Empty
After the cycle: 
CPU: Empty
IO: Empty
***Clock: 251***
CPU: Empty
IO: Empty
After the cycle: 
CPU: Empty
IO: Empty
***Clock: 252***
CPU: Empty
IO: Empty
After the cycle: 
CPU: Empty
IO: Empty
***Clock: 253***
CPU: Empty
IO: Empty
After the cycle: 
CPU: Empty
IO: Empty
***Clock: 254***
CPU: Empty
IO: Empty
After the cycle: 
CPU: Empty
IO: Empty
***Clock: 255***
CPU: Empty
IO: Empty
After the cycle: 
CPU: Empty
IO: Empty
***Clock: 256***
CPU: Empty
IO: Empty
After the cycle: 
CPU: Empty
IO: Empty
***Clock: 257***
CPU: Empty
IO: Empty
After the cycle: 
CPU: Empty
IO: Empty
***Clock: 258***
CPU: Empty
IO: Empty
After the cycle: 
CPU: Empty
IO: Empty
***Clock: 259***
CPU: Empty
IO: Empty
After the cycle: 
CPU: Empty
IO: Empty
***Clock: 260***
CPU: Empty
IO: Empty
After the cycle: 
CPU: Empty
IO: Empty
***Clock: 261***
CPU: Empty
IO: Empty
After the cycle: 
CPU: Empty
IO: Empty
***Clock: 262***
CPU: Empty
IO: Empty
After the cycle: 
CPU: Empty
IO: Empty
***Clock: 263***
CPU: Empty
IO: Empty
After the cycle: 
CPU: Empty
IO: Empty
***Clock: 264***
CPU: Empty
IO: Empty
After the cycle: 
CPU: Empty
IO: Empty
***Clock: 265***
CPU: Empty
IO: Empty
After the cycle: 
CPU: Empty
IO: Empty
***Clock: 266***
CPU: Empty
IO: Empty
After the cycle: 
CPU: Empty
IO: Empty
***Clock: 267***
CPU: Empty
IO: Empty
After the cycle: 
CPU: Empty
IO: Empty
***Clock: 268***
CPU: Empty
IO: Empty
After the cycle: 
CPU: Empty
IO: Empty
***Clock: 269***
CPU: Empty
IO: Empty
After the cycle: 
CPU: Empty
IO: Empty
***Clock: 270***
CPU: Empty
IO: Empty
After the cycle: 
CPU: Empty
IO: Empty
***Clock: 271***
CPU: Empty
IO: Empty
After the cycle: 
CPU: Empty
IO: Empty
***Clock: 272***
CPU: Empty
IO: Empty
After the cycle: 
CPU: Empty
IO: Empty
***Clock: 273***
CPU: Empty
IO: Empty
After the cycle: 
CPU: Empty
IO: Empty
***Clock: 274***
CPU: Empty
IO: Empty
After the cycle: 
CPU: Empty
IO: Empty
***Clock: 275***
CPU: Empty
IO: Empty
After the cycle: 
CPU: Empty
IO: Empty
***Clock: 276***
CPU: Empty
IO: Empty
After the cycle: 
CPU: Empty
IO: Empty
***Clock: 277***
CPU: Empty
IO: Empty
After the cycle: 
CPU: Empty
IO: Empty
***Clock: 278***
CPU: Empty
IO: Empty
After the cycle: 
CPU: Empty
IO: Empty
***Clock: 279***
CPU: Empty
IO: Empty
After the cycle: 
CPU: Empty
IO: Empty
***Clock: 280***
CPU: Empty
IO: Empty
After the cycle: 
CPU: Empty
IO: Empty
***Clock: 281***
CPU: Empty
IO: Empty
After the cycle: 
CPU: Empty
IO: Empty
***Clock: 282***
CPU: Empty
IO: Empty
After the cycle: 
CPU: Empty
IO: Empty
***Clock: 283***
CPU: Empty
IO: Empty
After the cycle: 
CPU: Empty
IO: Empty
***Clock: 284***
CPU: Empty
IO: Empty
After the cycle: 
CPU: Empty
IO: Empty
***Clock: 285***
CPU: Empty
IO: Empty
After the cycle: 
CPU: Empty
IO: Empty
***Clock: 286***
CPU: Empty
IO: Empty
After the cycle: 
CPU: Empty
IO: Empty
***Clock: 287***
CPU: Empty
IO: Empty
After the cycle: 
CPU: Empty
IO: Empty
***Clock: 288***
CPU: Empty
IO: Empty
After the cycle: 
CPU: Empty
IO: Empty
***Clock: 289***
CPU: Empty
IO: Empty
After the cycle: 
CPU: Empty
IO: Empty
***Clock: 290***
CPU: Empty
IO: Empty
After the cycle: 
CPU: Empty
IO: Empty
***Clock: 291***
CPU: Empty
IO: Empty
After the cycle: 
CPU: Empty
IO: Empty
***Clock: 292***
CPU: Empty
IO: Empty
After the cycle: 
CPU: Empty
IO: Empty
***Clock: 293***
CPU: Empty
IO: Empty
After the cycle: 
CPU: Empty
IO: Empty
***Clock: 294***
CPU: Empty
IO: Empty
After the cycle: 
CPU: Empty
IO: Empty
***Clock: 295***
CPU: Empty
IO: Empty
After the cycle: 
CPU: Empty
IO: Empty
***Clock: 296***
CPU: Empty
IO: Empty
After the cycle: 
CPU: Empty
IO: Empty
***Clock: 297***
CPU: Empty
IO: Empty
After the cycle: 
CPU: Empty
IO: Empty
***Clock: 298***
CPU: Empty
IO: Empty
After the cycle: 
CPU: Empty
IO: Empty
***Clock: 299***
CPU: Empty
IO: Empty
After the cycle: 
CPU: Empty
IO: Empty
***Clock: 300***
CPU: Empty
IO: Empty
After the cycle: 
CPU: Empty
IO: Empty
***Clock: 301***
CPU: Empty
IO: Empty
After the cycle: 
CPU: Empty
IO: Empty
***Clock: 302***
CPU: Empty
IO: Empty
After the cycle: 
CPU: Empty
IO: Empty
***Clock: 303***
CPU: Empty
IO: Empty
After the cycle: 
CPU: Empty
IO: Empty
***Clock: 304***
CPU: Empty
IO: Empty
After the cycle: 
CPU: Empty
IO: Empty
***Clock: 305***
CPU: Empty
IO: Empty
After the cycle: 
CPU: Empty
IO: Empty
***Clock: 306***
CPU: Empty
IO: Empty
After the cycle: 
CPU: Empty
IO: Empty
***Clock: 307***
CPU: Empty
IO: Empty
After the cycle: 
CPU: Empty
IO: Empty
***Clock: 308***
CPU: Empty
IO: Empty
After the cycle: 
CPU: Empty
IO: Empty
***Clock: 309***
CPU: Empty
IO: Empty
After the cycle: 
CPU: Empty
IO: Empty
***Clock: 310***
CPU: Empty
IO: Empty
After the cycle: 
CPU: Empty
IO: Empty
***Clock: 311***
CPU: Empty
IO: Empty
After the cycle: 
CPU: Empty
IO: Empty
***Clock: 312***
CPU: Empty
IO: Empty
After the cycle: 
CPU: Empty
IO: Empty
***Clock: 313***
CPU: Empty
IO: Empty
After the cycle: 
CPU: Empty
IO: Empty
***Clock: 314***
CPU: Empty
IO: Empty
After the cycle: 
CPU: Empty
IO: Empty
***Clock: 315***
CPU: Empty
IO: Empty
After the cycle: 
CPU: Empty
IO: Empty
***Clock: 316***
CPU: Empty
IO: Empty
After the cycle: 
CPU: Empty
IO: Empty
***Clock: 317***
CPU: Empty
IO: Empty
After the cycle: 
CPU: Empty
IO: Empty
***Clock: 318***
CPU: Empty
IO: Empty
After the cycle: 
CPU: Empty
IO: Empty
***Clock: 319***
CPU: Empty
IO: Empty
After the cycle: 
CPU: Empty
IO: Empty
***Clock: 320***
CPU: Empty
IO: Empty
After the cycle: 
CPU: Empty
IO: Empty
***Clock: 321***
CPU: Empty
IO: Empty
After the cycle: 
CPU: Empty
IO: Empty
***Clock: 322***
CPU: Empty
IO: Empty
After the cycle: 
CPU: Empty
IO: Empty
***Clock: 323***
CPU: Empty
IO: Empty
After the cycle: 
CPU: Empty
IO: Empty
***Clock: 324***
CPU: Empty
IO: Empty
After the cycle: 
CPU: Empty
IO: Empty
***Clock: 325***
CPU: Empty
IO: Empty
After the cycle: 
CPU: Empty
IO: Empty
***Clock: 326***
CPU: Empty
IO: Empty
After the cycle: 
CPU: Empty
IO: Empty
***Clock: 327***
CPU: Empty
IO: Empty
After the cycle: 
CPU: Empty
IO: Empty
***Clock: 328***
CPU: Empty
IO: Empty
After the cycle: 
CPU: Empty
IO: Empty
***Clock: 329***
CPU: Empty
IO: Empty
After the cycle: 
CPU: Empty
IO: Empty
***Clock: 330***
CPU: Empty
IO: Empty
After the cycle: 
CPU: Empty
IO: Empty
***Clock: 331***
CPU: Empty
IO: Empty
After the cycle: 
CPU: Empty
IO: Empty
***Clock: 332***
CPU: Empty
IO: Empty
After the cycle: 
CPU: Empty
IO: Empty
***Clock: 333***
CPU: Empty
IO: Empty
After the cycle: 
CPU: Empty
IO: Empty
***Clock: 334***
CPU: Empty
IO: Empty
After the cycle: 
CPU: Empty
IO: Empty
***Clock: 335***
CPU: Empty
IO: Empty
After the cycle: 
CPU: Empty
IO: Empty
***Clock: 336***
CPU: Empty
IO: Empty
After the cycle: 
CPU: Empty
IO: Empty
***Clock: 337***
CPU: Empty
IO: Empty
After the cycle: 
CPU: Empty
IO: Empty
***Clock: 338***
CPU: Empty
IO: Empty
After the cycle: 
CPU: Empty
IO: Empty
***Clock: 339***
CPU: Empty
IO: Empty
After the cycle: 
CPU: Empty
IO: Empty
***Clock: 340***
CPU: Empty
IO: Empty
After the cycle: 
CPU: Empty
IO: Empty
***Clock: 341***
CPU: Empty
IO: Empty
After the cycle: 
CPU: Empty
IO: Empty
***Clock: 342***
CPU: Empty
IO: Empty
After the cycle: 
CPU: Empty
IO: Empty
***Clock: 343***
CPU: Empty
IO: Empty
After the cycle: 
CPU: Empty
IO: Empty
***Clock: 344***
CPU: Empty
IO: Empty
After the cycle: 
CPU: Empty
IO: Empty
***Clock: 345***
CPU: Empty
IO: Empty
After the cycle: 
CPU: Empty
IO: Empty
***Clock: 346***
CPU: Empty
IO: Empty
After the cycle: 
CPU: Empty
IO: Empty
***Clock: 347***
CPU: Empty
IO: Empty
After the cycle: 
CPU: Empty
IO: Empty
***Clock: 348***
CPU: Empty
IO: Empty
After the cycle: 
CPU: Empty
IO: Empty
***Clock: 349***
CPU: Empty
IO: Empty
After the cycle: 
CPU: Empty
IO: Empty
***Clock: 350***
CPU: Empty
IO: Empty
After the cycle: 
CPU: Empty
IO: Empty
***Clock: 351***
CPU: Empty
IO: Empty
After the cycle: 
CPU: Empty
IO: Empty
***Clock: 352***
CPU: Empty
IO: Empty
After the cycle: 
CPU: Empty
IO: Empty
***Clock: 353***
CPU: Empty
IO: Empty
After the cycle: 
CPU: Empty
IO: Empty
***Clock: 354***
CPU: Empty
IO: Empty
After the cycle: 
CPU: Empty
IO: Empty
***Clock: 355***
CPU: Empty
IO: Empty
After the cycle: 
CPU: Empty
IO: Empty
***Clock: 356***
CPU: Empty
IO: Empty
After the cycle: 
CPU: Empty
IO: Empty
***Clock: 357***
CPU: Empty
IO: Empty
After the cycle: 
CPU: Empty
IO: Empty
***Clock: 358***
CPU: Empty
IO: Empty
After the cycle: 
CPU: Empty
IO: Empty
***Clock: 359***
CPU: Empty
IO: Empty
After the cycle: 
CPU: Empty
IO: Empty
***Clock: 360***
CPU: Empty
IO: Empty
After the cycle: 
CPU: Empty
IO: Empty
***Clock: 361***
CPU: Empty
IO: Empty
After the cycle: 
CPU: Empty
IO: Empty
***Clock: 362***
CPU: Empty
IO: Empty
After the cycle: 
CPU: Empty
IO: Empty
***Clock: 363***
CPU: Empty
IO: Empty
After the cycle: 
CPU: Empty
IO: Empty
***Clock: 364***
CPU: Empty
IO: Empty
After the cycle: 
CPU: Empty
IO: Empty
***Clock: 365***
CPU: Empty
IO: Empty
After the cycle: 
CPU: Empty
IO: Empty
***Clock: 366***
CPU: Empty
IO: Empty
After the cycle: 
CPU: Empty
IO: Empty
***Clock: 367***
CPU: Empty
IO: Empty
After the cycle: 
CPU: Empty
IO: Empty
***Clock: 368***
CPU: Empty
IO: Empty
After the cycle: 
CPU: Empty
IO: Empty
***Clock: 369***
CPU: Empty
IO: Empty
After the cycle: 
CPU: Empty
IO: Empty
***Clock: 370***
CPU: Empty
IO: Empty
After the cycle: 
CPU: Empty
IO: Empty
***Clock: 371***
CPU: Empty
IO: Empty
After the cycle: 
CPU: Empty
IO: Empty
***Clock: 372***
CPU: Empty
IO: Empty
After the cycle: 
CPU: Empty
IO: Empty
***Clock: 373***
CPU: Empty
IO: Empty
After the cycle: 
CPU: Empty
IO: Empty
***Clock: 374***
CPU: Empty
IO: Empty
After the cycle: 
CPU: Empty
IO: Empty
***Clock: 375***
CPU: Empty
IO: Empty
After the cycle: 
CPU: Empty
IO: Empty
***Clock: 376***
CPU: Empty
IO: Empty
After the cycle: 
CPU: Empty
IO: Empty
***Clock: 377***
CPU: Empty
IO: Empty
After the cycle: 
CPU: Empty
IO: Empty
***Clock: 378***
CPU: Empty
IO: Empty
After the cycle: 
CPU: Empty
IO: Empty
***Clock: 379***
CPU: Empty
IO: Empty
After the cycle: 
CPU: Empty
IO: Empty
***Clock: 380***
CPU: Empty
IO: Empty
After the cycle: 
CPU: Empty
IO: Empty
***Clock: 381***
CPU: Empty
IO: Empty
After the cycle: 
CPU: Empty
IO: Empty
***Clock: 382***
CPU: Empty
IO: Empty
After the cycle: 
CPU: Empty
IO: Empty
***Clock: 383***
CPU: Empty
IO: Empty
After the cycle: 
CPU: Empty
IO: Empty
***Clock: 384***
CPU: Empty
IO: Empty
After the cycle: 
CPU: Empty
IO: Empty
***Clock: 385***
CPU: Empty
IO: Empty
After the cycle: 
CPU: Empty
IO: Empty
***Clock: 386***
CPU: Empty
IO: Empty
After the cycle: 
CPU: Empty
IO: Empty
***Clock: 387***
CPU: Empty
IO: Empty
After the cycle: 
CPU: Empty
IO: Empty
***Clock: 388***
CPU: Empty
IO: Empty
After the cycle: 
CPU: Empty
IO: Empty
***Clock: 389***
CPU: Empty
IO: Empty
After the cycle: 
CPU: Empty
IO: Empty
***Clock: 390***
CPU: Empty
IO: Empty
After the cycle: 
CPU: Empty
IO: Empty
***Clock: 391***
CPU: Empty
IO: Empty
After the cycle: 
CPU: Empty
IO: Empty
***Clock: 392***
CPU: Empty
IO: Empty
After the cycle: 
CPU: Empty
IO: Empty
***Clock: 393***
CPU: Empty
IO: Empty
After the cycle: 
CPU: Empty
IO: Empty
***Clock: 394***
CPU: Empty
IO: Empty
After the cycle: 
CPU: Empty
IO: Empty
***Clock: 395***
CPU: Empty
IO: Empty
After the cycle: 
CPU: Empty
IO: Empty
***Clock: 396***
CPU: Empty
IO: Empty
After the cycle: 
CPU: Empty
IO: Empty
***Clock: 397***
CPU: Empty
IO: Empty
After the cycle: 
CPU: Empty
IO: Empty
***Clock: 398***
CPU: Empty
IO: Empty
After the cycle: 
CPU: Empty
IO: Empty
***Clock: 399***
CPU: Empty
IO: Empty
After the cycle: 
CPU: Empty
IO: Empty
***Clock: 400***
CPU: Empty
IO: Empty
After the cycle: 
CPU: Empty
IO: Empty
***Clock: 401***
CPU: Empty
IO: Empty
After the cycle: 
CPU: Empty
IO: Empty
***Clock: 402***
CPU: Empty
IO: Empty
After the cycle: 
CPU: Empty
IO: Empty
***Clock: 403***
CPU: Empty
IO: Empty
After the cycle: 
CPU: Empty
IO: Empty
***Clock: 404***
CPU: Empty
IO: Empty
After the cycle: 
CPU: Empty
IO: Empty
***Clock: 405***
CPU: Empty
IO: Empty
After the cycle: 
CPU: Empty
IO: Empty
***Clock: 406***
CPU: Empty
IO: Empty
After the cycle: 
CPU: Empty
IO: Empty
***Clock: 407***
CPU: Empty
IO: Empty
After the cycle: 
CPU: Empty
IO: Empty
***Clock: 408***
CPU: Empty
IO: Empty
After the cycle: 
CPU: Empty
IO: Empty
***Clock: 409***
CPU: Empty
IO: Empty
After the cycle: 
CPU: Empty
IO: Empty
***Clock: 410***
CPU: Empty
IO: Empty
After the cycle: 
CPU: Empty
IO: Empty
***Clock: 411***
CPU: Empty
IO: Empty
After the cycle: 
CPU: Empty
IO: Empty
***Clock: 412***
CPU: Empty
IO: Empty
After the cycle: 
CPU: Empty
IO: Empty
***Clock: 413***
CPU: Empty
IO: Empty
After the cycle: 
CPU: Empty
IO: Empty
***Clock: 414***
CPU: Empty
IO: Empty
After the cycle: 
CPU: Empty
IO: Empty
***Clock: 415***
CPU: Empty
IO: Empty
After the cycle: 
CPU: Empty
IO: Empty
***Clock: 416***
CPU: Empty
IO: Empty
After the cycle: 
CPU: Empty
IO: Empty
***Clock: 417***
CPU: Empty
IO: Empty
After the cycle: 
CPU: Empty
IO: Empty
***Clock: 418***
CPU: Empty
IO: Empty
After the cycle: 
CPU: Empty
IO: Empty
***Clock: 419***
CPU: Empty
IO: Empty
After the cycle: 
CPU: Empty
IO: Empty
***Clock: 420***
CPU: Empty
IO: Empty
After the cycle: 
CPU: Empty
IO: Empty
***Clock: 421***
CPU: Empty
IO: Empty
After the cycle: 
CPU: Empty
IO: Empty
***Clock: 422***
CPU: Empty
IO: Empty
After the cycle: 
CPU: Empty
IO: Empty
***Clock: 423***
CPU: Empty
IO: Empty
After the cycle: 
CPU: Empty
IO: Empty
***Clock: 424***
CPU: Empty
IO: Empty
After the cycle: 
CPU: Empty
IO: Empty
***Clock: 425***
CPU: Empty
IO: Empty
After the cycle: 
CPU: Empty
IO: Empty
***Clock: 426***
CPU: Empty
IO: Empty
After the cycle: 
CPU: Empty
IO: Empty
***Clock: 427***
CPU: Empty
IO: Empty
After the cycle: 
CPU: Empty
IO: Empty
***Clock: 428***
CPU: Empty
IO: Empty
After the cycle: 
CPU: Empty
IO: Empty
***Clock: 429***
CPU: Empty
IO: Empty
After the cycle: 
CPU: Empty
IO: Empty
***Clock: 430***
CPU: Empty
IO: Empty
After the cycle: 
CPU: Empty
IO: Empty
***Clock: 431***
CPU: Empty
IO: Empty
After the cycle: 
CPU: Empty
IO: Empty
***Clock: 432***
CPU: Empty
IO: Empty
After the cycle: 
CPU: Empty
IO: Empty
***Clock: 433***
CPU: Empty
IO: Empty
After the cycle: 
CPU: Empty
IO: Empty
***Clock: 434***
CPU: Empty
IO: Empty
After the cycle: 
CPU: Empty
IO: Empty
***Clock: 435***
CPU: Empty
IO: Empty
After the cycle: 
CPU: Empty
IO: Empty
***Clock: 436***
CPU: Empty
IO: Empty
After the cycle: 
CPU: Empty
IO: Empty
***Clock: 437***
CPU: Empty
IO: Empty
After the cycle: 
CPU: Empty
IO: Empty
***Clock: 438***
CPU: Empty
IO: Empty
After the cycle: 
CPU: Empty
IO: Empty
***Clock: 439***
CPU: Empty
IO: Empty
After the cycle: 
CPU: Empty
IO: Empty
***Clock: 440***
CPU: Empty
IO: Empty
After the cycle: 
CPU: Empty
IO: Empty
***Clock: 441***
CPU: Empty
IO: Empty
After the cycle: 
CPU: Empty
IO: Empty
***Clock: 442***
CPU: Empty
IO: Empty
After the cycle: 
CPU: Empty
IO: Empty
***Clock: 443***
CPU: Empty
IO: Empty
After the cycle: 
CPU: Empty
IO: Empty
***Clock: 444***
CPU: Empty
IO: Empty
After the cycle: 
CPU: Empty
IO: Empty
***Clock: 445***
CPU: Empty
IO: Empty
After the cycle: 
CPU: Empty
IO: Empty
***Clock: 446***
CPU: Empty
IO: Empty
After the cycle: 
CPU: Empty
IO: Empty
***Clock: 447***
CPU: Empty
IO: Empty
After the cycle: 
CPU: Empty
IO: Empty
***Clock: 448***
CPU: Empty
IO: Empty
After the cycle: 
CPU: Empty
IO: Empty
***Clock: 449***
CPU: Empty
IO: Empty
After the cycle: 
CPU: Empty
IO: Empty
***Clock: 450***
CPU: Empty
IO: Empty
After the cycle: 
CPU: Empty
IO: Empty
***Clock: 451***
CPU: Empty
IO: Empty
After the cycle: 
CPU: Empty
IO: Empty
***Clock: 452***
CPU: Empty
IO: Empty
After the cycle: 
CPU: Empty
IO: Empty
***Clock: 453***
CPU: Empty
IO: Empty
After the cycle: 
CPU: Empty
IO: Empty
***Clock: 454***
CPU: Empty
IO: Empty
After the cycle: 
CPU: Empty
IO: Empty
***Clock: 455***
CPU: Empty
IO: Empty
After the cycle: 
CPU: Empty
IO: Empty
***Clock: 456***
CPU: Empty
IO: Empty
After the cycle: 
CPU: Empty
IO: Empty
***Clock: 457***
CPU: Empty
IO: Empty
After the cycle: 
CPU: Empty
IO: Empty
***Clock: 458***
CPU: Empty
IO: Empty
After the cycle: 
CPU: Empty
IO: Empty
***Clock: 459***
CPU: Empty
IO: Empty
After the cycle: 
CPU: Empty
IO: Empty
***Clock: 460***
CPU: Empty
IO: Empty
After the cycle: 
CPU: Empty
IO: Empty
***Clock: 461***
CPU: Empty
IO: Empty
After the cycle: 
CPU: Empty
IO: Empty
***Clock: 462***
CPU: Empty
IO: Empty
After the cycle: 
CPU: Empty
IO: Empty
***Clock: 463***
CPU: Empty
IO: Empty
After the cycle: 
CPU: Empty
IO: Empty
***Clock: 464***
CPU: Empty
IO: Empty
After the cycle: 
CPU: Empty
IO: Empty
***Clock: 465***
CPU: Empty
IO: Empty
After the cycle: 
CPU: Empty
IO: Empty
***Clock: 466***
CPU: Empty
IO: Empty
After the cycle: 
CPU: Empty
IO: Empty
***Clock: 467***
CPU: Empty
IO: Empty
After the cycle: 
CPU: Empty
IO: Empty
***Clock: 468***
CPU: Empty
IO: Empty
After the cycle: 
CPU: Empty
IO: Empty
***Clock: 469***
CPU: Empty
IO: Empty
After the cycle: 
CPU: Empty
IO: Empty
***Clock: 470***
CPU: Empty
IO: Empty
After the cycle: 
CPU: Empty
IO: Empty
***Clock: 471***
CPU: Empty
IO: Empty
After the cycle: 
CPU: Empty
IO: Empty
***Clock: 472***
CPU: Empty
IO: Empty
After the cycle: 
CPU: Empty
IO: Empty
***Clock: 473***
CPU: Empty
IO: Empty
After the cycle: 
CPU: Empty
IO: Empty
***Clock: 474***
CPU: Empty
IO: Empty
After the cycle: 
CPU: Empty
IO: Empty
***Clock: 475***
CPU: Empty
IO: Empty
After the cycle: 
CPU: Empty
IO: Empty
***Clock: 476***
CPU: Empty
IO: Empty
After the cycle: 
CPU: Empty
IO: Empty
***Clock: 477***
CPU: Empty
IO: Empty
After the cycle: 
CPU: Empty
IO: Empty
***Clock: 478***
CPU: Empty
IO: Empty
After the cycle: 
CPU: Empty
IO: Empty
***Clock: 479***
CPU: Empty
IO: Empty
After the cycle: 
CPU: Empty
IO: Empty
***Clock: 480***
CPU: Empty
IO: Empty
After the cycle: 
CPU: Empty
IO: Empty
***Clock: 481***
CPU: Empty
IO: Empty
After the cycle: 
CPU: Empty
IO: Empty
***Clock: 482***
CPU: Empty
IO: Empty
After the cycle: 
CPU: Empty
IO: Empty
***Clock: 483***
CPU: Empty
IO: Empty
After the cycle: 
CPU: Empty
IO: Empty
***Clock: 484***
CPU: Empty
IO: Empty
After the cycle: 
CPU: Empty
IO: Empty
***Clock: 485***
CPU: Empty
IO: Empty
After the cycle: 
CPU: Empty
IO: Empty
***Clock: 486***
CPU: Empty
IO: Empty
After the cycle: 
CPU: Empty
IO: Empty
***Clock: 487***
CPU: Empty
IO: Empty
After the cycle: 
CPU: Empty
IO: Empty
***Clock: 488***
CPU: Empty
IO: Empty
After the cycle: 
CPU: Empty
IO: Empty
***Clock: 489***
CPU: Empty
IO: Empty
After the cycle: 
CPU: Empty
IO: Empty
***Clock: 490***
CPU: Empty
IO: Empty
After the cycle: 
CPU: Empty
IO: Empty
***Clock: 491***
CPU: Empty
IO: Empty
After the cycle: 
CPU: Empty
IO: Empty
***Clock: 492***
CPU: Empty
IO: Empty
After the cycle: 
CPU: Empty
IO: Empty
***Clock: 493***
CPU: Empty
IO: Empty
After the cycle: 
CPU: Empty
IO: Empty
***Clock: 494***
CPU: Empty
IO: Empty
After the cycle: 
CPU: Empty
IO: Empty
***Clock: 495***
CPU: Empty
IO: Empty
After the cycle: 
CPU: Empty
IO: Empty
***Clock: 496***
CPU: Empty
IO: Empty
After the cycle: 
CPU: Empty
IO: Empty
***Clock: 497***
CPU: Empty
IO: Empty
After the cycle: 
CPU: Empty
IO: Empty
***Clock: 498***
CPU: Empty
IO: Empty
After the cycle: 
CPU: Empty
IO: Empty
***Clock: 499***
CPU: Empty
IO: Empty
After the cycle: 
CPU: Empty
IO: Empty
***Clock: 500***
CPU: Empty
IO: Empty
After the cycle: 
CPU: Empty
IO: Empty
***Clock: 501***
CPU: Empty
IO: Empty
After the cycle: 
CPU: Empty
IO: Empty
***Clock: 502***
CPU: Empty
IO: Empty
After the cycle: 
CPU: Empty
IO: Empty
***Clock: 503***
CPU: Empty
IO: Empty
After the cycle: 
CPU: Empty
IO: Empty
***Clock: 504***
CPU: Empty
IO: Empty
After the cycle: 
CPU: Empty
IO: Empty
***Clock: 505***
CPU: Empty
IO: Empty
After the cycle: 
CPU: Empty
IO: Empty
***Clock: 506***
CPU: Empty
IO: Empty
After the cycle: 
CPU: Empty
IO: Empty
***Clock: 507***
CPU: Empty
IO: Empty
After the cycle: 
CPU: Empty
IO: Empty
***Clock: 508***
CPU: Empty
IO: Empty
After the cycle: 
CPU: Empty
IO: Empty
***Clock: 509***
CPU: Empty
IO: Empty
After the cycle: 
CPU: Empty
IO: Empty
***Clock: 510***
CPU: Empty
IO: Empty
After the cycle: 
CPU: Empty
IO: Empty
***Clock: 511***
CPU: Empty
IO: Empty
After the cycle: 
CPU: Empty
IO: Empty
***Clock: 512***
CPU: Empty
IO: Empty
After the cycle: 
CPU: Empty
IO: Empty
***Clock: 513***
CPU: Empty
IO: Empty
After the cycle: 
CPU: Empty
IO: Empty
***Clock: 514***
CPU: Empty
IO: Empty
After the cycle: 
CPU: Empty
IO: Empty
***Clock: 515***
CPU: Empty
IO: Empty
After the cycle: 
CPU: Empty
IO: Empty
***Clock: 516***
CPU: Empty
IO: Empty
After the cycle: 
CPU: Empty
IO: Empty
***Clock: 517***
CPU: Empty
IO: Empty
After the cycle: 
CPU: Empty
IO: Empty
***Clock: 518***
CPU: Empty
IO: Empty
After the cycle: 
CPU: Empty
IO: Empty
***Clock: 519***
CPU: Empty
IO: Empty
After the cycle: 
CPU: Empty
IO: Empty
***Clock: 520***
CPU: Empty
IO: Empty
After the cycle: 
CPU: Empty
IO: Empty
***Clock: 521***
CPU: Empty
IO: Empty
After the cycle: 
CPU: Empty
IO: Empty
***Clock: 522***
CPU: Empty
IO: Empty
After the cycle: 
CPU: Empty
IO: Empty
***Clock: 523***
CPU: Empty
IO: Empty
After the cycle: 
CPU: Empty
IO: Empty
***Clock: 524***
CPU: Empty
IO: Empty
After the cycle: 
CPU: Empty
IO: Empty
***Clock: 525***
CPU: Empty
IO: Empty
After the cycle: 
CPU: Empty
IO: Empty
***Clock: 526***
CPU: Empty
IO: Empty
After the cycle: 
CPU: Empty
IO: Empty
***Clock: 527***
CPU: Empty
IO: Empty
After the cycle: 
CPU: Empty
IO: Empty
***Clock: 528***
CPU: Empty
IO: Empty
After the cycle: 
CPU: Empty
IO: Empty
***Clock: 529***
CPU: Empty
IO: Empty
After the cycle: 
CPU: Empty
IO: Empty
***Clock: 530***
CPU: Empty
IO: Empty
After the cycle: 
CPU: Empty
IO: Empty
***Clock: 531***
CPU: Empty
IO: Empty
After the cycle: 
CPU: Empty
IO: Empty
***Clock: 532***
CPU: Empty
IO: Empty
After the cycle: 
CPU: Empty
IO: Empty
***Clock: 533***
CPU: Empty
IO: Empty
After the cycle: 
CPU: Empty
IO: Empty
***Clock: 534***
CPU: Empty
IO: Empty
After the cycle: 
CPU: Empty
IO: Empty
***Clock: 535***
CPU: Empty
IO: Empty
After the cycle: 
CPU: Empty
IO: Empty
***Clock: 536***
CPU: Empty
IO: Empty
After the cycle: 
CPU: Empty
IO: Empty
***Clock: 537***
CPU: Empty
IO: Empty
After the cycle: 
CPU: Empty
IO: Empty
***Clock: 538***
CPU: Empty
IO: Empty
After the cycle: 
CPU: Empty
IO: Empty
***Clock: 539***
CPU: Empty
IO: Empty
After the cycle: 
CPU: Empty
IO: Empty
***Clock: 540***
CPU: Empty
IO: Empty
After the cycle: 
CPU: Empty
IO: Empty
***Clock: 541***
CPU: Empty
IO: Empty
After the cycle: 
CPU: Empty
IO: Empty
***Clock: 542***
CPU: Empty
IO: Empty
After the cycle: 
CPU: Empty
IO: Empty
***Clock: 543***
CPU: Empty
IO: Empty
After the cycle: 
CPU: Empty
IO: Empty
***Clock: 544***
CPU: Empty
IO: Empty
After the cycle: 
CPU: Empty
IO: Empty
***Clock: 545***
CPU: Empty
IO: Empty
After the cycle: 
CPU: Empty
IO: Empty
***Clock: 546***
CPU: Empty
IO: Empty
After the cycle: 
CPU: Empty
IO: Empty
***Clock: 547***
CPU: Empty
IO: Empty
After the cycle: 
CPU: Empty
IO: Empty
***Clock: 548***
CPU: Empty
IO: Empty
After the cycle: 
CPU: Empty
IO: Empty
***Clock: 549***
CPU: Empty
IO: Empty
After the cycle: 
CPU: Empty
IO: Empty
***Clock: 550***
CPU: Empty
IO: Empty
After the cycle: 
CPU: Empty
IO: Empty
***Clock: 551***
CPU: Empty
IO: Empty
After the cycle: 
CPU: Empty
IO: Empty
***Clock: 552***
CPU: Empty
IO: Empty
After the cycle: 
CPU: Empty
IO: Empty
***Clock: 553***
CPU: Empty
IO: Empty
After the cycle: 
CPU: Empty
IO: Empty
***Clock: 554***
CPU: Empty
IO: Empty
After the cycle: 
CPU: Empty
IO: Empty
***Clock: 555***
CPU: Empty
IO: Empty
After the cycle: 
CPU: Empty
IO: Empty
***Clock: 556***
CPU: Empty
IO: Empty
After the cycle: 
CPU: Empty
IO: Empty
***Clock: 557***
CPU: Empty
IO: Empty
After the cycle: 
CPU: Empty
IO: Empty
***Clock: 558***
CPU: Empty
IO: Empty
After the cycle: 
CPU: Empty
IO: Empty
***Clock: 559***
CPU: Empty
IO: Empty
After the cycle: 
CPU: Empty
IO: Empty
***Clock: 560***
CPU: Empty
IO: Empty
After the cycle: 
CPU: Empty
IO: Empty
***Clock: 561***
CPU: Empty
IO: Empty
After the cycle: 
CPU: Empty
IO: Empty
***Clock: 562***
CPU: Empty
IO: Empty
After the cycle: 
CPU: Empty
IO: Empty
***Clock: 563***
CPU: Empty
IO: Empty
After the cycle: 
CPU: Empty
IO: Empty
***Clock: 564***
CPU: Empty
IO: Empty
After the cycle: 
CPU: Empty
IO: Empty
***Clock: 565***
CPU: Empty
IO: Empty
After the cycle: 
CPU: Empty
IO: Empty
***Clock: 566***
CPU: Empty
IO: Empty
After the cycle: 
CPU: Empty
IO: Empty
***Clock: 567***
CPU: Empty
IO: Empty
After the cycle: 
CPU: Empty
IO: Empty
***Clock: 568***
CPU: Empty
IO: Empty
After the cycle: 
CPU: Empty
IO: Empty
***Clock: 569***
CPU: Empty
IO: Empty
After the cycle: 
CPU: Empty
IO: Empty
***Clock: 570***
CPU: Empty
IO: Empty
After the cycle: 
CPU: Empty
IO: Empty
***Clock: 571***
CPU: Empty
IO: Empty
After the cycle: 
CPU: Empty
IO: Empty
***Clock: 572***
CPU: Empty
IO: Empty
After the cycle: 
CPU: Empty
IO: Empty
***Clock: 573***
CPU: Empty
IO: Empty
After the cycle: 
CPU: Empty
IO: Empty
***Clock: 574***
CPU: Empty
IO: Empty
After the cycle: 
CPU: Empty
IO: Empty
***Clock: 575***
CPU: Empty
IO: Empty
After the cycle: 
CPU: Empty
IO: Empty
***Clock: 576***
CPU: Empty
IO: Empty
After the cycle: 
CPU: Empty
IO: Empty
***Clock: 577***
CPU: Empty
IO: Empty
After the cycle: 
CPU: Empty
IO: Empty
***Clock: 578***
CPU: Empty
IO: Empty
After the cycle: 
CPU: Empty
IO: Empty
***Clock: 579***
CPU: Empty
IO: Empty
After the cycle: 
CPU: Empty
IO: Empty
***Clock: 580***
CPU: Empty
IO: Empty
After the cycle: 
CPU: Empty
IO: Empty
***Clock: 581***
CPU: Empty
IO: Empty
After the cycle: 
CPU: Empty
IO: Empty
***Clock: 582***
CPU: Empty
IO: Empty
After the cycle: 
CPU: Empty
IO: Empty
***Clock: 583***
CPU: Empty
IO: Empty
After the cycle: 
CPU: Empty
IO: Empty
***Clock: 584***
CPU: Empty
IO: Empty
After the cycle: 
CPU: Empty
IO: Empty
***Clock: 585***
CPU: Empty
IO: Empty
After the cycle: 
CPU: Empty
IO: Empty
***Clock: 586***
CPU: Empty
IO: Empty
After the cycle: 
CPU: Empty
IO: Empty
***Clock: 587***
CPU: Empty
IO: Empty
After the cycle: 
CPU: Empty
IO: Empty
***Clock: 588***
CPU: Empty
IO: Empty
After the cycle: 
CPU: Empty
IO: Empty
***Clock: 589***
CPU: Empty
IO: Empty
After the cycle: 
CPU: Empty
IO: Empty
***Clock: 590***
CPU: Empty
IO: Empty
After the cycle: 
CPU: Empty
IO: Empty
***Clock: 591***
CPU: Empty
IO: Empty
After the cycle: 
CPU: Empty
IO: Empty
***Clock: 592***
CPU: Empty
IO: Empty
After the cycle: 
CPU: Empty
IO: Empty
***Clock: 593***
CPU: Empty
IO: Empty
After the cycle: 
CPU: Empty
IO: Empty
***Clock: 594***
CPU: Empty
IO: Empty
After the cycle: 
CPU: Empty
IO: Empty
***Clock: 595***
CPU: Empty
IO: Empty
After the cycle: 
CPU: Empty
IO: Empty
***Clock: 596***
CPU: Empty
IO: Empty
After the cycle: 
CPU: Empty
IO: Empty
***Clock: 597***
CPU: Empty
IO: Empty
After the cycle: 
CPU: Empty
IO: Empty
***Clock: 598***
CPU: Empty
IO: Empty
After the cycle: 
CPU: Empty
IO: Empty
***Clock: 599***
CPU: Empty
IO: Empty
After the cycle: 
CPU: Empty
IO: Empty
***Clock: 600***
CPU: Empty
IO: Empty
After the cycle: 
CPU: Empty
IO: Empty
***Clock: 601***
CPU: Empty
IO: Empty
After the cycle: 
CPU: Empty
IO: Empty
***Clock: 602***
CPU: Empty
IO: Empty
After the cycle: 
CPU: Empty
IO: Empty
***Clock: 603***
CPU: Empty
IO: Empty
After the cycle: 
CPU: Empty
IO: Empty
***Clock: 604***
CPU: Empty
IO: Empty
After the cycle: 
CPU: Empty
IO: Empty
***Clock: 605***
CPU: Empty
IO: Empty
After the cycle: 
CPU: Empty
IO: Empty
***Clock: 606***
CPU: Empty
IO: Empty
After the cycle: 
CPU: Empty
IO: Empty
***Clock: 607***
CPU: Empty
IO: Empty
After the cycle: 
CPU: Empty
IO: Empty
***Clock: 608***
CPU: Empty
IO: Empty
After the cycle: 
CPU: Empty
IO: Empty
***Clock: 609***
CPU: Empty
IO: Empty
After the cycle: 
CPU: Empty
IO: Empty
***Clock: 610***
CPU: Empty
IO: Empty
After the cycle: 
CPU: Empty
IO: Empty
***Clock: 611***
CPU: Empty
IO: Empty
After the cycle: 
CPU: Empty
IO: Empty
***Clock: 612***
CPU: Empty
IO: Empty
After the cycle: 
CPU: Empty
IO: Empty
***Clock: 613***
CPU: Empty
IO: Empty
After the cycle: 
CPU: Empty
IO: Empty
***Clock: 614***
CPU: Empty
IO: Empty
After the cycle: 
CPU: Empty
IO: Empty
***Clock: 615***
CPU: Empty
IO: Empty
After the cycle: 
CPU: Empty
IO: Empty
***Clock: 616***
CPU: Empty
IO: Empty
After the cycle: 
CPU: Empty
IO: Empty
***Clock: 617***
CPU: Empty
IO: Empty
After the cycle: 
CPU: Empty
IO: Empty
***Clock: 618***
CPU: Empty
IO: Empty
After the cycle: 
CPU: Empty
IO: Empty
***Clock: 619***
CPU: Empty
IO: Empty
After the cycle: 
CPU: Empty
IO: Empty
***Clock: 620***
CPU: Empty
IO: Empty
After the cycle: 
CPU: Empty
IO: Empty
***Clock: 621***
CPU: Empty
IO: Empty
After the cycle: 
CPU: Empty
IO: Empty
***Clock: 622***
CPU: Empty
IO: Empty
After the cycle: 
CPU: Empty
IO: Empty
***Clock: 623***
CPU: Empty
IO: Empty
After the cycle: 
CPU: Empty
IO: Empty
***Clock: 624***
CPU: Empty
IO: Empty
After the cycle: 
CPU: Empty
IO: Empty
***Clock: 625***
CPU: Empty
IO: Empty
After the cycle: 
CPU: Empty
IO: Empty
***Clock: 626***
CPU: Empty
IO: Empty
After the cycle: 
CPU: Empty
IO: Empty
***Clock: 627***
CPU: Empty
IO: Empty
After the cycle: 
CPU: Empty
IO: Empty
***Clock: 628***
CPU: Empty
IO: Empty
After the cycle: 
CPU: Empty
IO: Empty
***Clock: 629***
CPU: Empty
IO: Empty
After the cycle: 
CPU: Empty
IO: Empty
***Clock: 630***
CPU: Empty
IO: Empty
After the cycle: 
CPU: Empty
IO: Empty
***Clock: 631***
CPU: Empty
IO: Empty
After the cycle: 
CPU: Empty
IO: Empty
***Clock: 632***
CPU: Empty
IO: Empty
After the cycle: 
CPU: Empty
IO: Empty
***Clock: 633***
CPU: Empty
IO: Empty
After the cycle: 
CPU: Empty
IO: Empty
***Clock: 634***
CPU: Empty
IO: Empty
After the cycle: 
CPU: Empty
IO: Empty
***Clock: 635***
CPU: Empty
IO: Empty
After the cycle: 
CPU: Empty
IO: Empty
***Clock: 636***
CPU: Empty
IO: Empty
After the cycle: 
CPU: Empty
IO: Empty
***Clock: 637***
CPU: Empty
IO: Empty
After the cycle: 
CPU: Empty
IO: Empty
***Clock: 638***
CPU: Empty
IO: Empty
After the cycle: 
CPU: Empty
IO: Empty
***Clock: 639***
CPU: Empty
IO: Empty
After the cycle: 
CPU: Empty
IO: Empty
***Clock: 640***
CPU: Empty
IO: Empty
After the cycle: 
CPU: Empty
IO: Empty
***Clock: 641***
CPU: Empty
IO: Empty
After the cycle: 
CPU: Empty
IO: Empty
***Clock: 642***
CPU: Empty
IO: Empty
After the cycle: 
CPU: Empty
IO: Empty
***Clock: 643***
CPU: Empty
IO: Empty
After the cycle: 
CPU: Empty
IO: Empty
***Clock: 644***
CPU: Empty
IO: Empty
After the cycle: 
CPU: Empty
IO: Empty
***Clock: 645***
CPU: Empty
IO: Empty
After the cycle: 
CPU: Empty
IO: Empty
***Clock: 646***
CPU: Empty
IO: Empty
After the cycle: 
CPU: Empty
IO: Empty
***Clock: 647***
CPU: Empty
IO: Empty
After the cycle: 
CPU: Empty
IO: Empty
***Clock: 648***
CPU: Empty
IO: Empty
After the cycle: 
CPU: Empty
IO: Empty
***Clock: 649***
CPU: Empty
IO: Empty
After the cycle: 
CPU: Empty
IO: Empty
***Clock: 650***
CPU: Empty
IO: Empty
After the cycle: 
CPU: Empty
IO: Empty
***Clock: 651***
CPU: Empty
IO: Empty
After the cycle: 
CPU: Empty
IO: Empty
***Clock: 652***
CPU: Empty
IO: Empty
After the cycle: 
CPU: Empty
IO: Empty
***Clock: 653***
CPU: Empty
IO: Empty
After the cycle: 
CPU: Empty
IO: Empty
***Clock: 654***
CPU: Empty
IO: Empty
After the cycle: 
CPU: Empty
IO: Empty
***Clock: 655***
CPU: Empty
IO: Empty
After the cycle: 
CPU: Empty
IO: Empty
***Clock: 656***
CPU: Empty
IO: Empty
After the cycle: 
CPU: Empty
IO: Empty
***Clock: 657***
CPU: Empty
IO: Empty
After the cycle: 
CPU: Empty
IO: Empty
***Clock: 658***
CPU: Empty
IO: Empty
After the cycle: 
CPU: Empty
IO: Empty
***Clock: 659***
CPU: Empty
IO: Empty
After the cycle: 
CPU: Empty
IO: Empty
***Clock: 660***
CPU: Empty
IO: Empty
After the cycle: 
CPU: Empty
IO: Empty
***Clock: 661***
CPU: Empty
IO: Empty
After the cycle: 
CPU: Empty
IO: Empty
***Clock: 662***
CPU: Empty
IO: Empty
After the cycle: 
CPU: Empty
IO: Empty
***Clock: 663***
CPU: Empty
IO: Empty
After the cycle: 
CPU: Empty
IO: Empty
***Clock: 664***
CPU: Empty
IO: Empty
After the cycle: 
CPU: Empty
IO: Empty
***Clock: 665***
CPU: Empty
IO: Empty
After the cycle: 
CPU: Empty
IO: Empty
***Clock: 666***
CPU: Empty
IO: Empty
After the cycle: 
CPU: Empty
IO: Empty
***Clock: 667***
CPU: Empty
IO: Empty
After the cycle: 
CPU: Empty
IO: Empty
***Clock: 668***
CPU: Empty
IO: Empty
After the cycle: 
CPU: Empty
IO: Empty
***Clock: 669***
CPU: Empty
IO: Empty
After the cycle: 
CPU: Empty
IO: Empty
***Clock: 670***
CPU: Empty
IO: Empty
After the cycle: 
CPU: Empty
IO: Empty
***Clock: 671***
CPU: Empty
IO: Empty
After the cycle: 
CPU: Empty
IO: Empty
***Clock: 672***
CPU: Empty
IO: Empty
After the cycle: 
CPU: Empty
IO: Empty
***Clock: 673***
CPU: Empty
IO: Empty
After the cycle: 
CPU: Empty
IO: Empty
***Clock: 674***
CPU: Empty
IO: Empty
After the cycle: 
CPU: Empty
IO: Empty
***Clock: 675***
CPU: Empty
IO: Empty
After the cycle: 
CPU: Empty
IO: Empty
***Clock: 676***
CPU: Empty
IO: Empty
After the cycle: 
CPU: Empty
IO: Empty
***Clock: 677***
CPU: Empty
IO: Empty
After the cycle: 
CPU: Empty
IO: Empty
***Clock: 678***
CPU: Empty
IO: Empty
After the cycle: 
CPU: Empty
IO: Empty
***Clock: 679***
CPU: Empty
IO: Empty
After the cycle: 
CPU: Empty
IO: Empty
***Clock: 680***
CPU: Empty
IO: Empty
After the cycle: 
CPU: Empty
IO: Empty
***Clock: 681***
CPU: Empty
IO: Empty
After the cycle: 
CPU: Empty
IO: Empty
***Clock: 682***
CPU: Empty
IO: Empty
After the cycle: 
CPU: Empty
IO: Empty
***Clock: 683***
CPU: Empty
IO: Empty
After the cycle: 
CPU: Empty
IO: Empty
***Clock: 684***
CPU: Empty
IO: Empty
After the cycle: 
CPU: Empty
IO: Empty
***Clock: 685***
CPU: Empty
IO: Empty
After the cycle: 
CPU: Empty
IO: Empty
***Clock: 686***
CPU: Empty
IO: Empty
After the cycle: 
CPU: Empty
IO: Empty
***Clock: 687***
CPU: Empty
IO: Empty
After the cycle: 
CPU: Empty
IO: Empty
***Clock: 688***
CPU: Empty
IO: Empty
After the cycle: 
CPU: Empty
IO: Empty
***Clock: 689***
CPU: Empty
IO: Empty
After the cycle: 
CPU: Empty
IO: Empty
***Clock: 690***
CPU: Empty
IO: Empty
After the cycle: 
CPU: Empty
IO: Empty
***Clock: 691***
CPU: Empty
IO: Empty
After the cycle: 
CPU: Empty
IO: Empty
***Clock: 692***
CPU: Empty
IO: Empty
After the cycle: 
CPU: Empty
IO: Empty
***Clock: 693***
CPU: Empty
IO: Empty
After the cycle: 
CPU: Empty
IO: Empty
***Clock: 694***
CPU: Empty
IO: Empty
After the cycle: 
CPU: Empty
IO: Empty
***Clock: 695***
CPU: Empty
IO: Empty
After the cycle: 
CPU: Empty
IO: Empty
***Clock: 696***
CPU: Empty
IO: Empty
After the cycle: 
CPU: Empty
IO: Empty
***Clock: 697***
CPU: Empty
IO: Empty
After the cycle: 
CPU: Empty
IO: Empty
***Clock: 698***
CPU: Empty
IO: Empty
After the cycle: 
CPU: Empty
IO: Empty
***Clock: 699***
CPU: Empty
IO: Empty
After the cycle: 
CPU: Empty
IO: Empty
***Clock: 700***
CPU: Empty
IO: Empty
After the cycle: 
CPU: Empty
IO: Empty
***Clock: 701***
CPU: Empty
IO: Empty
After the cycle: 
CPU: Empty
IO: Empty
***Clock: 702***
CPU: Empty
IO: Empty
After the cycle: 
CPU: Empty
IO: Empty
***Clock: 703***
CPU: Empty
IO: Empty
After the cycle: 
CPU: Empty
IO: Empty
***Clock: 704***
CPU: Empty
IO: Empty
After the cycle: 
CPU: Empty
IO: Empty
***Clock: 705***
CPU: Empty
IO: Empty
After the cycle: 
CPU: Empty
IO: Empty
***Clock: 706***
CPU: Empty
IO: Empty
After the cycle: 
CPU: Empty
IO: Empty
***Clock: 707***
CPU: Empty
IO: Empty
After the cycle: 
CPU: Empty
IO: Empty
***Clock: 708***
CPU: Empty
IO: Empty
After the cycle: 
CPU: Empty
IO: Empty
***Clock: 709***
CPU: Empty
IO: Empty
After the cycle: 
CPU: Empty
IO: Empty
***Clock: 710***
CPU: Empty
IO: Empty
After the cycle: 
CPU: Empty
IO: Empty
***Clock: 711***
CPU: Empty
IO: Empty
After the cycle: 
CPU: Empty
IO: Empty
***Clock: 712***
CPU: Empty
IO: Empty
After the cycle: 
CPU: Empty
IO: Empty
***Clock: 713***
CPU: Empty
IO: Empty
After the cycle: 
CPU: Empty
IO: Empty
***Clock: 714***
CPU: Empty
IO: Empty
After the cycle: 
CPU: Empty
IO: Empty
***Clock: 715***
CPU: Empty
IO: Empty
After the cycle: 
CPU: Empty
IO: Empty
***Clock: 716***
CPU: Empty
IO: Empty
After the cycle: 
CPU: Empty
IO: Empty
***Clock: 717***
CPU: Empty
IO: Empty
After the cycle: 
CPU: Empty
IO: Empty
***Clock: 718***
CPU: Empty
IO: Empty
After the cycle: 
CPU: Empty
IO: Empty
***Clock: 719***
CPU: Empty
IO: Empty
After the cycle: 
CPU: Empty
IO: Empty
***Clock: 720***
CPU: Empty
IO: Empty
After the cycle: 
CPU: Empty
IO: Empty
***Clock: 721***
CPU: Empty
IO: Empty
After the cycle: 
CPU: Empty
IO: Empty
***Clock: 722***
CPU: Empty
IO: Empty
After the cycle: 
CPU: Empty
IO: Empty
***Clock: 723***
CPU: Empty
IO: Empty
After the cycle: 
CPU: Empty
IO: Empty
***Clock: 724***
CPU: Empty
IO: Empty
After the cycle: 
CPU: Empty
IO: Empty
***Clock: 725***
CPU: Empty
IO: Empty
After the cycle: 
CPU: Empty
IO: Empty
***Clock: 726***
CPU: Empty
IO: Empty
After the cycle: 
CPU: Empty
IO: Empty
***Clock: 727***
CPU: Empty
IO: Empty
After the cycle: 
CPU: Empty
IO: Empty
***Clock: 728***
CPU: Empty
IO: Empty
After the cycle: 
CPU: Empty
IO: Empty
***Clock: 729***
CPU: Empty
IO: Empty
After the cycle: 
CPU: Empty
IO: Empty
***Clock: 730***
CPU: Empty
IO: Empty
After the cycle: 
CPU: Empty
IO: Empty
***Clock: 731***
CPU: Empty
IO: Empty
After the cycle: 
CPU: Empty
IO: Empty
***Clock: 732***
CPU: Empty
IO: Empty
After the cycle: 
CPU: Empty
IO: Empty
***Clock: 733***
CPU: Empty
IO: Empty
After the cycle: 
CPU: Empty
IO: Empty
***Clock: 734***
CPU: Empty
IO: Empty
After the cycle: 
CPU: Empty
IO: Empty
***Clock: 735***
CPU: Empty
IO: Empty
After the cycle: 
CPU: Empty
IO: Empty
***Clock: 736***
CPU: Empty
IO: Empty
After the cycle: 
CPU: Empty
IO: Empty
***Clock: 737***
CPU: Empty
IO: Empty
After the cycle: 
CPU: Empty
IO: Empty
***Clock: 738***
CPU: Empty
IO: Empty
After the cycle: 
CPU: Empty
IO: Empty
***Clock: 739***
CPU: Empty
IO: Empty
After the cycle: 
CPU: Empty
IO: Empty
***Clock: 740***
CPU: Empty
IO: Empty
After the cycle: 
CPU: Empty
IO: Empty
***Clock: 741***
CPU: Empty
IO: Empty
After the cycle: 
CPU: Empty
IO: Empty
***Clock: 742***
CPU: Empty
IO: Empty
After the cycle: 
CPU: Empty
IO: Empty
***Clock: 743***
CPU: Empty
IO: Empty
After the cycle: 
CPU: Empty
IO: Empty
***Clock: 744***
CPU: Empty
IO: Empty
After the cycle: 
CPU: Empty
IO: Empty
***Clock: 745***
CPU: Empty
IO: Empty
After the cycle: 
CPU: Empty
IO: Empty
***Clock: 746***
CPU: Empty
IO: Empty
After the cycle: 
CPU: Empty
IO: Empty
***Clock: 747***
CPU: Empty
IO: Empty
After the cycle: 
CPU: Empty
IO: Empty
***Clock: 748***
CPU: Empty
IO: Empty
After the cycle: 
CPU: Empty
IO: Empty
***Clock: 749***
CPU: Empty
IO: Empty
After the cycle: 
CPU: Empty
IO: Empty
***Clock: 750***
CPU: Empty
IO: Empty
After the cycle: 
CPU: Empty
IO: Empty
***Clock: 751***
CPU: Empty
IO: Empty
After the cycle: 
CPU: Empty
IO: Empty
***Clock: 752***
CPU: Empty
IO: Empty
After the cycle: 
CPU: Empty
IO: Empty
***Clock: 753***
CPU: Empty
IO: Empty
After the cycle: 
CPU: Empty
IO: Empty
***Clock: 754***
CPU: Empty
IO: Empty
After the cycle: 
CPU: Empty
IO: Empty
***Clock: 755***
CPU: Empty
IO: Empty
After the cycle: 
CPU: Empty
IO: Empty
***Clock: 756***
CPU: Empty
IO: Empty
After the cycle: 
CPU: Empty
IO: Empty
***Clock: 757***
CPU: Empty
IO: Empty
After the cycle: 
CPU: Empty
IO: Empty
***Clock: 758***
CPU: Empty
IO: Empty
After the cycle: 
CPU: Empty
IO: Empty
***Clock: 759***
CPU: Empty
IO: Empty
After the cycle: 
CPU: Empty
IO: Empty
***Clock: 760***
CPU: Empty
IO: Empty
After the cycle: 
CPU: Empty
IO: Empty
***Clock: 761***
CPU: Empty
IO: Empty
After the cycle: 
CPU: Empty
IO: Empty
***Clock: 762***
CPU: Empty
IO: Empty
After the cycle: 
CPU: Empty
IO: Empty
***Clock: 763***
CPU: Empty
IO: Empty
After the cycle: 
CPU: Empty
IO: Empty
***Clock: 764***
CPU: Empty
IO: Empty
After the cycle: 
CPU: Empty
IO: Empty
***Clock: 765***
CPU: Empty
IO: Empty
After the cycle: 
CPU: Empty
IO: Empty
***Clock: 766***
CPU: Empty
IO: Empty
After the cycle: 
CPU: Empty
IO: Empty
***Clock: 767***
CPU: Empty
IO: Empty
After the cycle: 
CPU: Empty
IO: Empty
***Clock: 768***
CPU: Empty
IO: Empty
After the cycle: 
CPU: Empty
IO: Empty
***Clock: 769***
CPU: Empty
IO: Empty
After the cycle: 
CPU: Empty
IO: Empty
***Clock: 770***
CPU: Empty
IO: Empty
After the cycle: 
CPU: Empty
IO: Empty
***Clock: 771***
CPU: Empty
IO: Empty
After the cycle: 
CPU: Empty
IO: Empty
***Clock: 772***
CPU: Empty
IO: Empty
After the cycle: 
CPU: Empty
IO: Empty
***Clock: 773***
CPU: Empty
IO: Empty
After the cycle: 
CPU: Empty
IO: Empty
***Clock: 774***
CPU: Empty
IO: Empty
After the cycle: 
CPU: Empty
IO: Empty
***Clock: 775***
CPU: Empty
IO: Empty
After the cycle: 
CPU: Empty
IO: Empty
***Clock: 776***
CPU: Empty
IO: Empty
After the cycle: 
CPU: Empty
IO: Empty
***Clock: 777***
CPU: Empty
IO: Empty
After the cycle: 
CPU: Empty
IO: Empty
***Clock: 778***
CPU: Empty
IO: Empty
After the cycle: 
CPU: Empty
IO: Empty
***Clock: 779***
CPU: Empty
IO: Empty
After the cycle: 
CPU: Empty
IO: Empty
***Clock: 780***
CPU: Empty
IO: Empty
After the cycle: 
CPU: Empty
IO: Empty
***Clock: 781***
CPU: Empty
IO: Empty
After the cycle: 
CPU: Empty
IO: Empty
***Clock: 782***
CPU: Empty
IO: Empty
After the cycle: 
CPU: Empty
IO: Empty
***Clock: 783***
CPU: Empty
IO: Empty
After the cycle: 
CPU: Empty
IO: Empty
***Clock: 784***
CPU: Empty
IO: Empty
After the cycle: 
CPU: Empty
IO: Empty
***Clock: 785***
CPU: Empty
IO: Empty
After the cycle: 
CPU: Empty
IO: Empty
***Clock: 786***
CPU: Empty
IO: Empty
After the cycle: 
CPU: Empty
IO: Empty
***Clock: 787***
CPU: Empty
IO: Empty
After the cycle: 
CPU: Empty
IO: Empty
***Clock: 788***
CPU: Empty
IO: Empty
After the cycle: 
CPU: Empty
IO: Empty
***Clock: 789***
CPU: Empty
IO: Empty
After the cycle: 
CPU: Empty
IO: Empty
***Clock: 790***
CPU: Empty
IO: Empty
After the cycle: 
CPU: Empty
IO: Empty
***Clock: 791***
CPU: Empty
IO: Empty
After the cycle: 
CPU: Empty
IO: Empty
***Clock: 792***
CPU: Empty
IO: Empty
After the cycle: 
CPU: Empty
IO: Empty
***Clock: 793***
CPU: Empty
IO: Empty
After the cycle: 
CPU: Empty
IO: Empty
***Clock: 794***
CPU: Empty
IO: Empty
After the cycle: 
CPU: Empty
IO: Empty
***Clock: 795***
CPU: Empty
IO: Empty
After the cycle: 
CPU: Empty
IO: Empty
***Clock: 796***
CPU: Empty
IO: Empty
After the cycle: 
CPU: Empty
IO: Empty
***Clock: 797***
CPU: Empty
IO: Empty
After the cycle: 
CPU: Empty
IO: Empty
***Clock: 798***
CPU: Empty
IO: Empty
After the cycle: 
CPU: Empty
IO: Empty
***Clock: 799***
CPU: Empty
IO: Empty
After the cycle: 
CPU: Empty
IO: Empty
***Clock: 800***
CPU: Empty
IO: Empty
After the cycle: 
CPU: Empty
IO: Empty
***Clock: 801***
CPU: Empty
IO: Empty
After the cycle: 
CPU: Empty
IO: Empty
***Clock: 802***
CPU: Empty
IO: Empty
After the cycle: 
CPU: Empty
IO: Empty
***Clock: 803***
CPU: Empty
IO: Empty
After the cycle: 
CPU: Empty
IO: Empty
***Clock: 804***
CPU: Empty
IO: Empty
After the cycle: 
CPU: Empty
IO: Empty
***Clock: 805***
CPU: Empty
IO: Empty
After the cycle: 
CPU: Empty
IO: Empty
***Clock: 806***
CPU: Empty
IO: Empty
After the cycle: 
CPU: Empty
IO: Empty
***Clock: 807***
CPU: Empty
IO: Empty
After the cycle: 
CPU: Empty
IO: Empty
***Clock: 808***
CPU: Empty
IO: Empty
After the cycle: 
CPU: Empty
IO: Empty
***Clock: 809***
CPU: Empty
IO: Empty
After the cycle: 
CPU: Empty
IO: Empty
***Clock: 810***
CPU: Empty
IO: Empty
After the cycle: 
CPU: Empty
IO: Empty
***Clock: 811***
CPU: Empty
IO: Empty
After the cycle: 
CPU: Empty
IO: Empty
***Clock: 812***
CPU: Empty
IO: Empty
After the cycle: 
CPU: Empty
IO: Empty
***Clock: 813***
CPU: Empty
IO: Empty
After the cycle: 
CPU: Empty
IO: Empty
***Clock: 814***
CPU: Empty
IO: Empty
After the cycle: 
CPU: Empty
IO: Empty
***Clock: 815***
CPU: Empty
IO: Empty
After the cycle: 
CPU: Empty
IO: Empty
***Clock: 816***
CPU: Empty
IO: Empty
After the cycle: 
CPU: Empty
IO: Empty
***Clock: 817***
CPU: Empty
IO: Empty
After the cycle: 
CPU: Empty
IO: Empty
***Clock: 818***
CPU: Empty
IO: Empty
After the cycle: 
CPU: Empty
IO: Empty
***Clock: 819***
CPU: Empty
IO: Empty
After the cycle: 
CPU: Empty
IO: Empty
***Clock: 820***
CPU: Empty
IO: Empty
After the cycle: 
CPU: Empty
IO: Empty
***Clock: 821***
CPU: Empty
IO: Empty
After the cycle: 
CPU: Empty
IO: Empty
***Clock: 822***
CPU: Empty
IO: Empty
After the cycle: 
CPU: Empty
IO: Empty
***Clock: 823***
CPU: Empty
IO: Empty
After the cycle: 
CPU: Empty
IO: Empty
***Clock: 824***
CPU: Empty
IO: Empty
After the cycle: 
CPU: Empty
IO: Empty
***Clock: 825***
CPU: Empty
IO: Empty
After the cycle: 
CPU: Empty
IO: Empty
***Clock: 826***
CPU: Empty
IO: Empty
After the cycle: 
CPU: Empty
IO: Empty
***Clock: 827***
CPU: Empty
IO: Empty
After the cycle: 
CPU: Empty
IO: Empty
***Clock: 828***
CPU: Empty
IO: Empty
After the cycle: 
CPU: Empty
IO: Empty
***Clock: 829***
CPU: Empty
IO: Empty
After the cycle: 
CPU: Empty
IO: Empty
***Clock: 830***
CPU: Empty
IO: Empty
After the cycle: 
CPU: Empty
IO: Empty
***Clock: 831***
CPU: Empty
IO: Empty
After the cycle: 
CPU: Empty
IO: Empty
***Clock: 832***
CPU: Empty
IO: Empty
After the cycle: 
CPU: Empty
IO: Empty
***Clock: 833***
CPU: Empty
IO: Empty
After the cycle: 
CPU: Empty
IO: Empty
***Clock: 834***
CPU: Empty
IO: Empty
After the cycle: 
CPU: Empty
IO: Empty
***Clock: 835***
CPU: Empty
IO: Empty
After the cycle: 
CPU: Empty
IO: Empty
***Clock: 836***
CPU: Empty
IO: Empty
After the cycle: 
CPU: Empty
IO: Empty
***Clock: 837***
CPU: Empty
IO: Empty
After the cycle: 
CPU: Empty
IO: Empty
***Clock: 838***
CPU: Empty
IO: Empty
After the cycle: 
CPU: Empty
IO: Empty
***Clock: 839***
CPU: Empty
IO: Empty
After the cycle: 
CPU: Empty
IO: Empty
***Clock: 840***
CPU: Empty
IO: Empty
After the cycle: 
CPU: Empty
IO: Empty
***Clock: 841***
CPU: Empty
IO: Empty
After the cycle: 
CPU: Empty
IO: Empty
***Clock: 842***
CPU: Empty
IO: Empty
After the cycle: 
CPU: Empty
IO: Empty
***Clock: 843***
CPU: Empty
IO: Empty
After the cycle: 
CPU: Empty
IO: Empty
***Clock: 844***
CPU: Empty
IO: Empty
After the cycle: 
CPU: Empty
IO: Empty
***Clock: 845***
CPU: Empty
IO: Empty
After the cycle: 
CPU: Empty
IO: Empty
***Clock: 846***
CPU: Empty
IO: Empty
After the cycle: 
CPU: Empty
IO: Empty
***Clock: 847***
CPU: Empty
IO: Empty
After the cycle: 
CPU: Empty
IO: Empty
***Clock: 848***
CPU: Empty
IO: Empty
After the cycle: 
CPU: Empty
IO: Empty
***Clock: 849***
CPU: Empty
IO: Empty
After the cycle: 
CPU: Empty
IO: Empty
***Clock: 850***
CPU: Empty
IO: Empty
After the cycle: 
CPU: Empty
IO: Empty
***Clock: 851***
CPU: Empty
IO: Empty
After the cycle: 
CPU: Empty
IO: Empty
***Clock: 852***
CPU: Empty
IO: Empty
After the cycle: 
CPU: Empty
IO: Empty
***Clock: 853***
CPU: Empty
IO: Empty
After the cycle: 
CPU: Empty
IO: Empty
***Clock: 854***
CPU: Empty
IO: Empty
After the cycle: 
CPU: Empty
IO: Empty
***Clock: 855***
CPU: Empty
IO: Empty
After the cycle: 
CPU: Empty
IO: Empty
***Clock: 856***
CPU: Empty
IO: Empty
After the cycle: 
CPU: Empty
IO: Empty
***Clock: 857***
CPU: Empty
IO: Empty
After the cycle: 
CPU: Empty
IO: Empty
***Clock: 858***
CPU: Empty
IO: Empty
After the cycle: 
CPU: Empty
IO: Empty
***Clock: 859***
CPU: Empty
IO: Empty
After the cycle: 
CPU: Empty
IO: Empty
***Clock: 860***
CPU: Empty
IO: Empty
After the cycle: 
CPU: Empty
IO: Empty
***Clock: 861***
CPU: Empty
IO: Empty
After the cycle: 
CPU: Empty
IO: Empty
***Clock: 862***
CPU: Empty
IO: Empty
After the cycle: 
CPU: Empty
IO: Empty
***Clock: 863***
CPU: Empty
IO: Empty
After the cycle: 
CPU: Empty
IO: Empty
***Clock: 864***
CPU: Empty
IO: Empty
After the cycle: 
CPU: Empty
IO: Empty
***Clock: 865***
CPU: Empty
IO: Empty
After the cycle: 
CPU: Empty
IO: Empty
***Clock: 866***
CPU: Empty
IO: Empty
After the cycle: 
CPU: Empty
IO: Empty
***Clock: 867***
CPU: Empty
IO: Empty
After the cycle: 
CPU: Empty
IO: Empty
***Clock: 868***
CPU: Empty
IO: Empty
After the cycle: 
CPU: Empty
IO: Empty
***Clock: 869***
CPU: Empty
IO: Empty
After the cycle: 
CPU: Empty
IO: Empty
***Clock: 870***
CPU: Empty
IO: Empty
After the cycle: 
CPU: Empty
IO: Empty
***Clock: 871***
CPU: Empty
IO: Empty
After the cycle: 
CPU: Empty
IO: Empty
***Clock: 872***
CPU: Empty
IO: Empty
After the cycle: 
CPU: Empty
IO: Empty
***Clock: 873***
CPU: Empty
IO: Empty
After the cycle: 
CPU: Empty
IO: Empty
***Clock: 874***
CPU: Empty
IO: Empty
After the cycle: 
CPU: Empty
IO: Empty
***Clock: 875***
CPU: Empty
IO: Empty
After the cycle: 
CPU: Empty
IO: Empty
***Clock: 876***
CPU: Empty
IO: Empty
After the cycle: 
CPU: Empty
IO: Empty
***Clock: 877***
CPU: Empty
IO: Empty
After the cycle: 
CPU: Empty
IO: Empty
***Clock: 878***
CPU: Empty
IO: Empty
After the cycle: 
CPU: Empty
IO: Empty
***Clock: 879***
CPU: Empty
IO: Empty
After the cycle: 
CPU: Empty
IO: Empty
***Clock: 880***
CPU: Empty
IO: Empty
After the cycle: 
CPU: Empty
IO: Empty
***Clock: 881***
CPU: Empty
IO: Empty
After the cycle: 
CPU: Empty
IO: Empty
***Clock: 882***
CPU: Empty
IO: Empty
After the cycle: 
CPU: Empty
IO: Empty
***Clock: 883***
CPU: Empty
IO: Empty
After the cycle: 
CPU: Empty
IO: Empty
***Clock: 884***
CPU: Empty
IO: Empty
After the cycle: 
CPU: Empty
IO: Empty
***Clock: 885***
CPU: Empty
IO: Empty
After the cycle: 
CPU: Empty
IO: Empty
***Clock: 886***
CPU: Empty
IO: Empty
After the cycle: 
CPU: Empty
IO: Empty
***Clock: 887***
CPU: Empty
IO: Empty
After the cycle: 
CPU: Empty
IO: Empty
***Clock: 888***
CPU: Empty
IO: Empty
After the cycle: 
CPU: Empty
IO: Empty
***Clock: 889***
CPU: Empty
IO: Empty
After the cycle: 
CPU: Empty
IO: Empty
***Clock: 890***
CPU: Empty
IO: Empty
After the cycle: 
CPU: Empty
IO: Empty
***Clock: 891***
CPU: Empty
IO: Empty
After the cycle: 
CPU: Empty
IO: Empty
***Clock: 892***
CPU: Empty
IO: Empty
After the cycle: 
CPU: Empty
IO: Empty
***Clock: 893***
CPU: Empty
IO: Empty
After the cycle: 
CPU: Empty
IO: Empty
***Clock: 894***
CPU: Empty
IO: Empty
After the cycle: 
CPU: Empty
IO: Empty
***Clock: 895***
CPU: Empty
IO: Empty
After the cycle: 
CPU: Empty
IO: Empty
***Clock: 896***
CPU: Empty
IO: Empty
After the cycle: 
CPU: Empty
IO: Empty
***Clock: 897***
CPU: Empty
IO: Empty
After the cycle: 
CPU: Empty
IO: Empty
***Clock: 898***
CPU: Empty
IO: Empty
After the cycle: 
CPU: Empty
IO: Empty
***Clock: 899***
CPU: Empty
IO: Empty
After the cycle: 
CPU: Empty
IO: Empty
***Clock: 900***
CPU: Empty
IO: Empty
After the cycle: 
CPU: Empty
IO: Empty
***Clock: 901***
CPU: Empty
IO: Empty
After the cycle: 
CPU: Empty
IO: Empty
***Clock: 902***
CPU: Empty
IO: Empty
After the cycle: 
CPU: Empty
IO: Empty
***Clock: 903***
CPU: Empty
IO: Empty
After the cycle: 
CPU: Empty
IO: Empty
***Clock: 904***
CPU: Empty
IO: Empty
After the cycle: 
CPU: Empty
IO: Empty
***Clock: 905***
CPU: Empty
IO: Empty
After the cycle: 
CPU: Empty
IO: Empty
***Clock: 906***
CPU: Empty
IO: Empty
After the cycle: 
CPU: Empty
IO: Empty
***Clock: 907***
CPU: Empty
IO: Empty
After the cycle: 
CPU: Empty
IO: Empty
***Clock: 908***
CPU: Empty
IO: Empty
After the cycle: 
CPU: Empty
IO: Empty
***Clock: 909***
CPU: Empty
IO: Empty
After the cycle: 
CPU: Empty
IO: Empty
***Clock: 910***
CPU: Empty
IO: Empty
After the cycle: 
CPU: Empty
IO: Empty
***Clock: 911***
CPU: Empty
IO: Empty
After the cycle: 
CPU: Empty
IO: Empty
***Clock: 912***
CPU: Empty
IO: Empty
After the cycle: 
CPU: Empty
IO: Empty
***Clock: 913***
CPU: Empty
IO: Empty
After the cycle: 
CPU: Empty
IO: Empty
***Clock: 914***
CPU: Empty
IO: Empty
After the cycle: 
CPU: Empty
IO: Empty
***Clock: 915***
CPU: Empty
IO: Empty
After the cycle: 
CPU: Empty
IO: Empty
***Clock: 916***
CPU: Empty
IO: Empty
After the cycle: 
CPU: Empty
IO: Empty
***Clock: 917***
CPU: Empty
IO: Empty
After the cycle: 
CPU: Empty
IO: Empty
***Clock: 918***
CPU: Empty
IO: Empty
After the cycle: 
CPU: Empty
IO: Empty
***Clock: 919***
CPU: Empty
IO: Empty
After the cycle: 
CPU: Empty
IO: Empty
***Clock: 920***
CPU: Empty
IO: Empty
After the cycle: 
CPU: Empty
IO: Empty
***Clock: 921***
CPU: Empty
IO: Empty
After the cycle: 
CPU: Empty
IO: Empty
***Clock: 922***
CPU: Empty
IO: Empty
After the cycle: 
CPU: Empty
IO: Empty
***Clock: 923***
CPU: Empty
IO: Empty
After the cycle: 
CPU: Empty
IO: Empty
***Clock: 924***
CPU: Empty
IO: Empty
After the cycle: 
CPU: Empty
IO: Empty
***Clock: 925***
CPU: Empty
IO: Empty
After the cycle: 
CPU: Empty
IO: Empty
***Clock: 926***
CPU: Empty
IO: Empty
After the cycle: 
CPU: Empty
IO: Empty
***Clock: 927***
CPU: Empty
IO: Empty
After the cycle: 
CPU: Empty
IO: Empty
***Clock: 928***
CPU: Empty
IO: Empty
After the cycle: 
CPU: Empty
IO: Empty
***Clock: 929***
CPU: Empty
IO: Empty
After the cycle: 
CPU: Empty
IO: Empty
***Clock: 930***
CPU: Empty
IO: Empty
After the cycle: 
CPU: Empty
IO: Empty
***Clock: 931***
CPU: Empty
IO: Empty
After the cycle: 
CPU: Empty
IO: Empty
***Clock: 932***
CPU: Empty
IO: Empty
After the cycle: 
CPU: Empty
IO: Empty
***Clock: 933***
CPU: Empty
IO: Empty
After the cycle: 
CPU: Empty
IO: Empty
***Clock: 934***
CPU: Empty
IO: Empty
After the cycle: 
CPU: Empty
IO: Empty
***Clock: 935***
CPU: Empty
IO: Empty
After the cycle: 
CPU: Empty
IO: Empty
***Clock: 936***
CPU: Empty
IO: Empty
After the cycle: 
CPU: Empty
IO: Empty
***Clock: 937***
CPU: Empty
IO: Empty
After the cycle: 
CPU: Empty
IO: Empty
***Clock: 938***
CPU: Empty
IO: Empty
After the cycle: 
CPU: Empty
IO: Empty
***Clock: 939***
CPU: Empty
IO: Empty
After the cycle: 
CPU: Empty
IO: Empty
***Clock: 940***
CPU: Empty
IO: Empty
After the cycle: 
CPU: Empty
IO: Empty
***Clock: 941***
CPU: Empty
IO: Empty
After the cycle: 
CPU: Empty
IO: Empty
***Clock: 942***
CPU: Empty
IO: Empty
After the cycle: 
CPU: Empty
IO: Empty
***Clock: 943***
CPU: Empty
IO: Empty
After the cycle: 
CPU: Empty
IO: Empty
***Clock: 944***
CPU: Empty
IO: Empty
After the cycle: 
CPU: Empty
IO: Empty
***Clock: 945***
CPU: Empty
IO: Empty
After the cycle: 
CPU: Empty
IO: Empty
***Clock: 946***
CPU: Empty
IO: Empty
After the cycle: 
CPU: Empty
IO: Empty
***Clock: 947***
CPU: Empty
IO: Empty
After the cycle: 
CPU: Empty
IO: Empty
***Clock: 948***
CPU: Empty
IO: Empty
After the cycle: 
CPU: Empty
IO: Empty
***Clock: 949***
CPU: Empty
IO: Empty
After the cycle: 
CPU: Empty
IO: Empty
***Clock: 950***
CPU: Empty
IO: Empty
After the cycle: 
CPU: Empty
IO: Empty
***Clock: 951***
CPU: Empty
IO: Empty
After the cycle: 
CPU: Empty
IO: Empty
***Clock: 952***
CPU: Empty
IO: Empty
After the cycle: 
CPU: Empty
IO: Empty
***Clock: 953***
CPU: Empty
IO: Empty
After the cycle: 
CPU: Empty
IO: Empty
***Clock: 954***
CPU: Empty
IO: Empty
After the cycle: 
CPU: Empty
IO: Empty
***Clock: 955***
CPU: Empty
IO: Empty
After the cycle: 
CPU: Empty
IO: Empty
***Clock: 956***
CPU: Empty
IO: Empty
After the cycle: 
CPU: Empty
IO: Empty
***Clock: 957***
CPU: Empty
IO: Empty
After the cycle: 
CPU: Empty
IO: Empty
***Clock: 958***
CPU: Empty
IO: Empty
After the cycle: 
CPU: Empty
IO: Empty
***Clock: 959***
CPU: Empty
IO: Empty
After the cycle: 
CPU: Empty
IO: Empty
***Clock: 960***
CPU: Empty
IO: Empty
After the cycle: 
CPU: Empty
IO: Empty
***Clock: 961***
CPU: Empty
IO: Empty
After the cycle: 
CPU: Empty
IO: Empty
***Clock: 962***
CPU: Empty
IO: Empty
After the cycle: 
CPU: Empty
IO: Empty
***Clock: 963***
CPU: Empty
IO: Empty
After the cycle: 
CPU: Empty
IO: Empty
***Clock: 964***
CPU: Empty
IO: Empty
After the cycle: 
CPU: Empty
IO: Empty
***Clock: 965***
CPU: Empty
IO: Empty
After the cycle: 
CPU: Empty
IO: Empty
***Clock: 966***
CPU: Empty
IO: Empty
After the cycle: 
CPU: Empty
IO: Empty
***Clock: 967***
CPU: Empty
IO: Empty
After the cycle: 
CPU: Empty
IO: Empty
***Clock: 968***
CPU: Empty
IO: Empty
After the cycle: 
CPU: Empty
IO: Empty
***Clock: 969***
CPU: Empty
IO: Empty
After the cycle: 
CPU: Empty
IO: Empty
***Clock: 970***
CPU: Empty
IO: Empty
After the cycle: 
CPU: Empty
IO: Empty
***Clock: 971***
CPU: Empty
IO: Empty
After the cycle: 
CPU: Empty
IO: Empty
***Clock: 972***
CPU: Empty
IO: Empty
After the cycle: 
CPU: Empty
IO: Empty
***Clock: 973***
CPU: Empty
IO: Empty
After the cycle: 
CPU: Empty
IO: Empty
***Clock: 974***
CPU: Empty
IO: Empty
After the cycle: 
CPU: Empty
IO: Empty
***Clock: 975***
CPU: Empty
IO: Empty
After the cycle: 
CPU: Empty
IO: Empty
***Clock: 976***
CPU: Empty
IO: Empty
After the cycle: 
CPU: Empty
IO: Empty
***Clock: 977***
CPU: Empty
IO: Empty
After the cycle: 
CPU: Empty
IO: Empty
***Clock: 978***
CPU: Empty
IO: Empty
After the cycle: 
CPU: Empty
IO: Empty
***Clock: 979***
CPU: Empty
IO: Empty
After the cycle: 
CPU: Empty
IO: Empty
***Clock: 980***
CPU: Empty
IO: Empty
After the cycle: 
CPU: Empty
IO: Empty
***Clock: 981***
CPU: Empty
IO: Empty
After the cycle: 
CPU: Empty
IO: Empty
***Clock: 982***
CPU: Empty
IO: Empty
After the cycle: 
CPU: Empty
IO: Empty
***Clock: 983***
CPU: Empty
IO: Empty
After the cycle: 
CPU: Empty
IO: Empty
***Clock: 984***
CPU: Empty
IO: Empty
After the cycle: 
CPU: Empty
IO: Empty
***Clock: 985***
CPU: Empty
IO: Empty
After the cycle: 
CPU: Empty
IO: Empty
***Clock: 986***
CPU: Empty
IO: Empty
After the cycle: 
CPU: Empty
IO: Empty
***Clock: 987***
CPU: Empty
IO: Empty
After the cycle: 
CPU: Empty
IO: Empty
***Clock: 988***
CPU: Empty
IO: Empty
After the cycle: 
CPU: Empty
IO: Empty
***Clock: 989***
CPU: Empty
IO: Empty
After the cycle: 
CPU: Empty
IO: Empty
***Clock: 990***
CPU: Empty
IO: Empty
After the cycle: 
CPU: Empty
IO: Empty
***Clock: 991***
CPU: Empty
IO: Empty
After the cycle: 
CPU: Empty
IO: Empty
***Clock: 992***
CPU: Empty
IO: Empty
After the cycle: 
CPU: Empty
IO: Empty
***Clock: 993***
CPU: Empty
IO: Empty
After the cycle: 
CPU: Empty
IO: Empty
***Clock: 994***
CPU: Empty
IO: Empty
After the cycle: 
CPU: Empty
IO: Empty
***Clock: 995***
CPU: Empty
IO: Empty
After the cycle: 
CPU: Empty
IO: Empty
***Clock: 996***
CPU: Empty
IO: Empty
After the cycle: 
CPU: Empty
IO: Empty
***Clock: 997***
CPU: Empty
IO: Empty
After the cycle: 
CPU: Empty
IO: Empty
***Clock: 998***
CPU: Empty
IO: Empty
After the cycle: 
CPU: Empty
IO: Empty
***Clock: 999***
CPU: Empty
IO: Empty
After the cycle: 
CPU: Empty
IO: Empty
***SIMULATION FINISHES***
***Process Execution***
0 0 0 0 0 1 1 1 2 2 2 2 2 2 2 3 3 3 3 -1 -1 -1 3 3 3 3 3 3 3 -1 -1 -1 -1 -1 -1 -1 -1 -1 -1 -1 -1 -1 -1 -1 -1 -1 -1 -1 -1 -1 -1 -1 -1 -1 -1 -1 -1 -1 -1 -1 -1 -1 -1 -1 -1 -1 -1 -1 -1 -1 -1 -1 -1 -1 -1 -1 -1 -1 -1 -1 -1 -1 -1 -1 -1 -1 -1 -1 -1 -1 -1 -1 -1 -1 -1 -1 -1 -1 -1 -1 -1 -1 -1 -1 -1 -1 -1 -1 -1 -1 -1 -1 -1 -1 -1 -1 -1 -1 -1 -1 -1 -1 -1 -1 -1 -1 -1 -1 -1 -1 -1 -1 -1 -1 -1 -1 -1 -1 -1 -1 -1 -1 -1 -1 -1 -1 -1 -1 -1 -1 -1 -1 -1 -1 -1 -1 -1 -1 -1 -1 -1 -1 -1 -1 -1 -1 -1 -1 -1 -1 -1 -1 -1 -1 -1 -1 -1 -1 -1 -1 -1 -1 -1 -1 -1 -1 -1 -1 -1 -1 -1 -1 -1 -1 -1 -1 -1 -1 -1 -1 -1 -1 -1 -1 -1 -1 -1 -1 -1 -1 -1 -1 -1 -1 -1 -1 -1 -1 -1 -1 -1 -1 -1 -1 -1 -1 -1 -1 -1 -1 -1 -1 -1 -1 -1 -1 -1 -1 -1 -1 -1 -1 -1 -1 -1 -1 -1 -1 -1 -1 -1 -1 -1 -1 -1 -1 -1 -1 -1 -1 -1 -1 -1 -1 -1 -1 -1 -1 -1 -1 -1 -1 -1 -1 -1 -1 -1 -1 -1 -1 -1 -1 -1 -1 -1 -1 -1 -1 -1 -1 -1 -1 -1 -1 -1 -1 -1 -1 -1 -1 -1 -1 -1 -1 -1 -1 -1 -1 -1 -1 -1 -1 -1 -1 -1 -1 -1 -1 -1 -1 -1 -1 -1 -1 -1 -1 -1 -1 -1 -1 -1 -1 -1 -1 -1 -1 -1 -1 -1 -1 -1 -1 -1 -1 -1 -1 -1 -1 -1 -1 -1 -1 -1 -1 -1 -1 -1 -1 -1 -1 -1 -1 -1 -1 -1 -1 -1 -1 -1 -1 -1 -1 -1 -1 -1 -1 -1 -1 -1 -1 -1 -1 -1 -1 -1 -1 -1 -1 -1 -1 -1 -1 -1 -1 -1 -1 -1 -1 -1 -1 -1 -1 -1 -1 -1 -1 -1 -1 -1 -1 -1 -1 -1 -1 -1 -1 -1 -1 -1 -1 -1 -1 -1 -1 -1 -1 -1 -1 -1 -1 -1 -1 -1 -1 -1 -1 -1 -1 -1 -1 -1 -1 -1 -1 -1 -1 -1 -1 -1 -1 -1 -1 -1 -1 -1 -1 -1 -1 -1 -1 -1 -1 -1 -1 -1 -1 -1 -1 -1 -1 -1 -1 -1 -1 -1 -1 -1 -1 -1 -1 -1 -1 -1 -1 -1 -1 -1 -1 -1 -1 -1 -1 -1 -1 -1 -1 -1 -1 -1 -1 -1 -1 -1 -1 -1 -1 -1 -1 -1 -1 -1 -1 -1 -1 -1 -1 -1 -1 -1 -1 -1 -1 -1 -1 -1 -1 -1 -1 -1 -1 -1 -1 -1 -1 -1 -1 -1 -1 -1 -1 -1 -1 -1 -1 -1 -1 -1 -1 -1 -1 -1 -1 -1 -1 -1 -1 -1 -1 -1 -1 -1 -1 -1 -1 -1 -1 -1 -1 -1 -1 -1 -1 -1 -1 -1 -1 -1 -1 -1 -1 -1 -1 -1 -1 -1 -1 -1 -1 -1 -1 -1 -1 -1 -1 -1 -1 -1 -1 -1 -1 -1 -1 -1 -1 -1 -1 -1 -1 -1 -1 -1 -1 -1 -1 -1 -1 -1 -1 -1 -1 -1 -1 -1 -1 -1 -1 -1 -1 -1 -1 -1 -1 -1 -1 -1 -1 -1 -1 -1 -1 -1 -1 -1 -1 -1 -1 -1 -1 -1 -1 -1 -1 -1 -1 -1 -1 -1 -1 -1 -1 -1 -1 -1 -1 -1 -1 -1 -1 -1 -1 -1 -1 -1 -1 -1 -1 -1 -1 -1 -1 -1 -1 -1 -1 -1 -1 -1 -1 -1 -1 -1 -1 -1 -1 -1 -1 -1 -1 -1 -1 -1 -1 -1 -1 -1 -1 -1 -1 -1 -1 -1 -1 -1 -1 -1 -1 -1 -1 -1 -1 -1 -1 -1 -1 -1 -1 -1 -1 -1 -1 -1 -1 -1 -1 -1 -1 -1 -1 -1 -1 -1 -1 -1 -1 -1 -1 -1 -1 -1 -1 -1 -1 -1 -1 -1 -1 -1 -1 -1 -1 -1 -1 -1 -1 -1 -1 -1 -1 -1 -1 -1 -1 -1 -1 -1 -1 -1 -1 -1 -1 -1 -1 -1 -1 -1 -1 -1 -1 -1 -1 -1 -1 -1 -1 -1 -1 -1 -1 -1 -1 -1 -1 -1 -1 -1 -1 -1 -1 -1 -1 -1 -1 -1 -1 -1 -1 -1 -1 -1 -1 -1 -1 -1 -1 -1 -1 -1 -1 -1 -1 -1 -1 -1 -1 -1 -1 -1 -1 -1 -1 -1 -1 -1 -1 -1 -1 -1 -1 -1 -1 -1 -1 -1 -1 -1 -1 -1 -1 -1 -1 -1 -1 -1 -1 -1 -1 -1 -1 -1 -1 -1 -1 -1 -1 -1 -1 -1 -1 -1 -1 -1 -1 -1 -1 -1 -1 -1 -1 -1 -1 -1 -1 -1 -1 -1 -1 -1 -1 -1 -1 -1 -1 -1 -1 -1 -1 -1 -1 -1 -1 -1 -1 -1 -1 -1 -1 -1 -1 -1 -1 -1 -1 -1 -1 -1 -1 -1 -1 -1 -1 -1 -1 -1 -1 -1 -1 -1 -1 -1 -1 -1 -1 -1 -1 -1 -1 -1 -1 -1 -1 -1 -1 -1 -1 -1 -1 -1 -1 -1 -1 -1 -1 -1 -1 -1 -1 -1 -1 -1 -1 -1 -1 -1 -1 -1 -1 -1 -1 -1 -1 -1 -1 -1 -1 -1 -1 -1 -1 -1 -1 -1 -1 -1 -1 -1 -1 -1 -1 -1 -1 
***Performance Indicators***
Total execution cycles: 1000
CPU Utilization: 0.026
Throughput: 0.001
Average Turnaround Time: 21.0
Average Waiting Time: 7.0
Average Context Switches (solo Gantt): 5.0
Average Context Switches (completo): 16.0
Average Response Time: 7.0
*********Comparation:************************
Error comparing files: C:/Users/Lenovo/Documents/UNIVERSIDAD DEL ROSARIO/V SEMESTRE/Operating System/UR_OS/FCFS.txt (No such file or directory)
